\BOOKMARK [0][-]{chapter*.1}{Abstract}{}% 1
\BOOKMARK [0][-]{chapter*.2}{Table of Contents}{}% 2
\BOOKMARK [0][-]{chapter*.3}{List of Figures}{}% 3
\BOOKMARK [0][-]{chapter*.4}{List of Symbols}{}% 4
\BOOKMARK [0][-]{chapter*.5}{Acknowledgments}{}% 5
\BOOKMARK [0][-]{chapter*.7}{Introduction}{}% 6
\BOOKMARK [1][-]{section.0.1}{0.1 The leading role played by arithmetic within mathematics and recent breakthroughs}{chapter*.7}% 7
\BOOKMARK [1][-]{section.0.2}{0.2 On the Riemann Hypothesis}{chapter*.7}% 8
\BOOKMARK [1][-]{section.0.3}{0.3 On the Hodge conjecture}{chapter*.7}% 9
\BOOKMARK [1][-]{section.0.4}{0.4 On the Birch and Swinnerton-Dyer conjecture}{chapter*.7}% 10
\BOOKMARK [0][-]{chapter.1}{1 Bloch-Kato's Tamagawa Numbers conjecture and the isogeny invariance}{}% 11
\BOOKMARK [1][-]{section.1.1}{1.1 From the Birch and Swinnerton-Dyer conjecture to the Bloch-Kato conjecture}{chapter.1}% 12
\BOOKMARK [1][-]{section.1.2}{1.2 Motives, Fontaine's p-adic period rings, and other essential gadgets}{chapter.1}% 13
\BOOKMARK [1][-]{section.1.3}{1.3 The isogeny invariance explained}{chapter.1}% 14
\BOOKMARK [1][-]{section.1.4}{1.4 K-theoretic background}{chapter.1}% 15
\BOOKMARK [0][-]{chapter.2}{2 The isogeny invariance for elliptic curves with complex multiplication}{}% 16
\BOOKMARK [1][-]{section.2.1}{2.1 CM elliptic curves}{chapter.2}% 17
\BOOKMARK [1][-]{section.2.2}{2.2 The isogeny invariance for CM elliptic curves}{chapter.2}% 18
\BOOKMARK [1][-]{section.2.3}{2.3 The K-theoretic viewpoint}{chapter.2}% 19
\BOOKMARK [0][-]{chapter.3}{3 The isogeny invariance for elliptic curves without complex multiplication}{}% 20
\BOOKMARK [1][-]{section.3.1}{3.1 non-CM elliptic curves}{chapter.3}% 21
\BOOKMARK [1][-]{section.3.2}{3.2 The isogeny invariance for non-CM elliptic curves}{chapter.3}% 22
\BOOKMARK [1][-]{section.3.3}{3.3 The K-theoretic viewpoint}{chapter.3}% 23
\BOOKMARK [0][-]{chapter.4}{4 The isogeny invariance for modular forms}{}% 24
\BOOKMARK [1][-]{section.4.1}{4.1 Modular forms}{chapter.4}% 25
\BOOKMARK [1][-]{section.4.2}{4.2 The isogeny invariance for modular forms}{chapter.4}% 26
\BOOKMARK [1][-]{section.4.3}{4.3 The K-theoretic viewpoint}{chapter.4}% 27
\BOOKMARK [0][-]{chapter.5}{5 The isogeny invariance for abelian varieties with complex multiplication}{}% 28
\BOOKMARK [1][-]{section.5.1}{5.1 CM abelian varieties}{chapter.5}% 29
\BOOKMARK [1][-]{section.5.2}{5.2 The isogeny invariance for CM abelian varieties}{chapter.5}% 30
\BOOKMARK [1][-]{section.5.3}{5.3 The K-theoretic viewpoint}{chapter.5}% 31
\BOOKMARK [0][-]{chapter.6}{6 Proposed isogeny invariance for tori and motif}{}% 32
\BOOKMARK [0][-]{chapter*.8}{Conclusion}{}% 33
\BOOKMARK [0][-]{chapter*.9}{Bibliography}{}% 34
