This is pdfTeX, Version 3.1415926-1.40.11 (TeX Live 2010) (format=pdflatex 2011.1.16)  11 JAN 2012 23:50
entering extended mode
 \write18 enabled.
 file:line:error style messages enabled.
 %&-line parsing enabled.
**"2011PROJECT .tex"
(./2011PROJECT .tex
LaTeX2e <2009/09/24>
Babel <v3.8l> and hyphenation patterns for english, dumylang, nohyphenation, ge
rman-x-2009-06-19, ngerman-x-2009-06-19, afrikaans, ancientgreek, ibycus, arabi
c, armenian, basque, bulgarian, catalan, pinyin, coptic, croatian, czech, danis
h, dutch, ukenglish, usenglishmax, esperanto, estonian, ethiopic, farsi, finnis
h, french, galician, german, ngerman, swissgerman, monogreek, greek, hungarian,
 icelandic, assamese, bengali, gujarati, hindi, kannada, malayalam, marathi, or
iya, panjabi, tamil, telugu, indonesian, interlingua, irish, italian, kurmanji,
 lao, latin, latvian, lithuanian, mongolian, mongolianlmc, bokmal, nynorsk, pol
ish, portuguese, romanian, russian, sanskrit, serbian, slovak, slovenian, spani
sh, swedish, turkish, turkmen, ukrainian, uppersorbian, welsh, loaded.
(/usr/local/texlive/2010/texmf-dist/tex/latex/base/article.cls
Document Class: article 2007/10/19 v1.4h Standard LaTeX document class
(/usr/local/texlive/2010/texmf-dist/tex/latex/base/size12.clo
File: size12.clo 2007/10/19 v1.4h Standard LaTeX file (size option)
)
\c@part=\count79
\c@section=\count80
\c@subsection=\count81
\c@subsubsection=\count82
\c@paragraph=\count83
\c@subparagraph=\count84
\c@figure=\count85
\c@table=\count86
\abovecaptionskip=\skip41
\belowcaptionskip=\skip42
\bibindent=\dimen102
)
(/usr/local/texlive/2010/texmf-dist/tex/latex/amsmath/amsmath.sty
Package: amsmath 2000/07/18 v2.13 AMS math features
\@mathmargin=\skip43

For additional information on amsmath, use the `?' option.
(/usr/local/texlive/2010/texmf-dist/tex/latex/amsmath/amstext.sty
Package: amstext 2000/06/29 v2.01

(/usr/local/texlive/2010/texmf-dist/tex/latex/amsmath/amsgen.sty
File: amsgen.sty 1999/11/30 v2.0
\@emptytoks=\toks14
\ex@=\dimen103
))
(/usr/local/texlive/2010/texmf-dist/tex/latex/amsmath/amsbsy.sty
Package: amsbsy 1999/11/29 v1.2d
\pmbraise@=\dimen104
)
(/usr/local/texlive/2010/texmf-dist/tex/latex/amsmath/amsopn.sty
Package: amsopn 1999/12/14 v2.01 operator names
)
\inf@bad=\count87
LaTeX Info: Redefining \frac on input line 211.
\uproot@=\count88
\leftroot@=\count89
LaTeX Info: Redefining \overline on input line 307.
\classnum@=\count90
\DOTSCASE@=\count91
LaTeX Info: Redefining \ldots on input line 379.
LaTeX Info: Redefining \dots on input line 382.
LaTeX Info: Redefining \cdots on input line 467.
\Mathstrutbox@=\box26
\strutbox@=\box27
\big@size=\dimen105
LaTeX Font Info:    Redeclaring font encoding OML on input line 567.
LaTeX Font Info:    Redeclaring font encoding OMS on input line 568.
\macc@depth=\count92
\c@MaxMatrixCols=\count93
\dotsspace@=\muskip10
\c@parentequation=\count94
\dspbrk@lvl=\count95
\tag@help=\toks15
\row@=\count96
\column@=\count97
\maxfields@=\count98
\andhelp@=\toks16
\eqnshift@=\dimen106
\alignsep@=\dimen107
\tagshift@=\dimen108
\tagwidth@=\dimen109
\totwidth@=\dimen110
\lineht@=\dimen111
\@envbody=\toks17
\multlinegap=\skip44
\multlinetaggap=\skip45
\mathdisplay@stack=\toks18
LaTeX Info: Redefining \[ on input line 2666.
LaTeX Info: Redefining \] on input line 2667.
)
(/usr/local/texlive/2010/texmf-dist/tex/latex/amsfonts/amssymb.sty
Package: amssymb 2009/06/22 v3.00

(/usr/local/texlive/2010/texmf-dist/tex/latex/amsfonts/amsfonts.sty
Package: amsfonts 2009/06/22 v3.00 Basic AMSFonts support
\symAMSa=\mathgroup4
\symAMSb=\mathgroup5
LaTeX Font Info:    Overwriting math alphabet `\mathfrak' in version `bold'
(Font)                  U/euf/m/n --> U/euf/b/n on input line 96.
))
(/usr/local/texlive/2010/texmf-dist/tex/latex/amscls/amsthm.sty
Package: amsthm 2004/08/06 v2.20
\thm@style=\toks19
\thm@bodyfont=\toks20
\thm@headfont=\toks21
\thm@notefont=\toks22
\thm@headpunct=\toks23
\thm@preskip=\skip46
\thm@postskip=\skip47
\thm@headsep=\skip48
\dth@everypar=\toks24
)
(/usr/local/texlive/2010/texmf-dist/tex/latex/amsrefs/amsrefs.sty
Package: amsrefs 2010/08/17 v2.09

(/usr/local/texlive/2010/texmf-dist/tex/latex/url/url.sty
\Urlmuskip=\muskip11
Package: url 2006/04/12  ver 3.3  Verb mode for urls, etc.
)
(/usr/local/texlive/2010/texmf-dist/tex/latex/amsrefs/pcatcode.sty
Package: pcatcode 2002/04/16 v1.04
)
(/usr/local/texlive/2010/texmf-dist/tex/latex/amsrefs/ifoption.sty
Package: ifoption 2002/03/04 v1.02
)
(/usr/local/texlive/2010/texmf-dist/tex/latex/amsrefs/rkeyval.sty
Package: rkeyval 2004/05/05 v1.08
\@temptokenb=\toks25
\rsk@toks=\toks26
)
(/usr/local/texlive/2010/texmf-dist/tex/latex/amsrefs/textcmds.sty
Package: textcmds 2007/10/19 v1.06
)
(/usr/local/texlive/2010/texmf-dist/tex/latex/amsrefs/mathscinet.sty
Package: mathscinet 2002/04/17 v1.05
)
\c@bib=\count99
\@maxlabelwidth=\dimen112
\c@bib@env=\count100
\bib@dbfile=\read1
\alpha@suffix=\count101
\series@index=\count102
)
(/usr/local/texlive/2010/texmf-dist/tex/latex/graphics/graphicx.sty
Package: graphicx 1999/02/16 v1.0f Enhanced LaTeX Graphics (DPC,SPQR)

(/usr/local/texlive/2010/texmf-dist/tex/latex/graphics/keyval.sty
Package: keyval 1999/03/16 v1.13 key=value parser (DPC)
\KV@toks@=\toks27
)
(/usr/local/texlive/2010/texmf-dist/tex/latex/graphics/graphics.sty
Package: graphics 2009/02/05 v1.0o Standard LaTeX Graphics (DPC,SPQR)

(/usr/local/texlive/2010/texmf-dist/tex/latex/graphics/trig.sty
Package: trig 1999/03/16 v1.09 sin cos tan (DPC)
)
(/usr/local/texlive/2010/texmf-dist/tex/latex/latexconfig/graphics.cfg
File: graphics.cfg 2010/04/23 v1.9 graphics configuration of TeX Live
)
Package graphics Info: Driver file: pdftex.def on input line 91.

(/usr/local/texlive/2010/texmf-dist/tex/latex/pdftex-def/pdftex.def
File: pdftex.def 2010/11/26 v0.05c Graphics/color for pdfTeX
\Gread@gobject=\count103
))
\Gin@req@height=\dimen113
\Gin@req@width=\dimen114
)
(/usr/local/texlive/2010/texmf-dist/tex/latex/hyperref/hyperref.sty
Package: hyperref 2010/12/16 v6.81z Hypertext links for LaTeX

(/usr/local/texlive/2010/texmf-dist/tex/generic/oberdiek/ltxcmds.sty
Package: ltxcmds 2010/04/26 v1.7 LaTeX kernel commands for general use (HO)
)
(/usr/local/texlive/2010/texmf-dist/tex/generic/oberdiek/ifpdf.sty
Package: ifpdf 2010/01/28 v2.1 Provides the ifpdf switch (HO)


/usr/local/texlive/2010/texmf-dist/tex/generic/oberdiek/ifpdf.sty:153: Package 
ifpdf Error: Name clash, \ifpdf is already defined.

See the ifpdf package documentation for explanation.
Type  H <return>  for immediate help.
 ...                                              
                                                  
l.153     }
           %
? 
) (/usr/local/texlive/2010/texmf-dist/tex/generic/oberdiek/pdftexcmds.sty
Package: pdftexcmds 2010/04/01 v0.9 Utility functions of pdfTeX for LuaTeX (HO)


(/usr/local/texlive/2010/texmf-dist/tex/generic/oberdiek/infwarerr.sty
Package: infwarerr 2010/04/08 v1.3 Providing info/warning/message (HO)
)
(/usr/local/texlive/2010/texmf-dist/tex/generic/oberdiek/ifluatex.sty
Package: ifluatex 2010/03/01 v1.3 Provides the ifluatex switch (HO)
Package ifluatex Info: LuaTeX not detected.
)
Package pdftexcmds Info: LuaTeX not detected.
Package pdftexcmds Info: \pdf@primitive is available.
Package pdftexcmds Info: \pdf@ifprimitive is available.
)
(/usr/local/texlive/2010/texmf-dist/tex/generic/oberdiek/kvsetkeys.sty
Package: kvsetkeys 2010/03/01 v1.9 Key value parser (HO)

(/usr/local/texlive/2010/texmf-dist/tex/generic/oberdiek/etexcmds.sty
Package: etexcmds 2010/01/28 v1.3 Prefix for e-TeX command names (HO)
Package etexcmds Info: Could not find \expanded.
(etexcmds)             That can mean that you are not using pdfTeX 1.50 or
(etexcmds)             that some package has redefined \expanded.
(etexcmds)             In the latter case, load this package earlier.
))
(/usr/local/texlive/2010/texmf-dist/tex/generic/oberdiek/pdfescape.sty
Package: pdfescape 2010/03/01 v1.9 Provides hex, PDF name and string conversion
s (HO)
)
(/usr/local/texlive/2010/texmf-dist/tex/generic/oberdiek/ifvtex.sty
Package: ifvtex 2010/03/01 v1.5 Switches for detecting VTeX and its modes (HO)
Package ifvtex Info: VTeX not detected.
)
(/usr/local/texlive/2010/texmf-dist/tex/generic/ifxetex/ifxetex.sty
Package: ifxetex 2010/09/12 v0.6 Provides ifxetex conditional
)
(/usr/local/texlive/2010/texmf-dist/tex/latex/oberdiek/hycolor.sty
Package: hycolor 2009/12/12 v1.6 Color options of hyperref/bookmark (HO)

(/usr/local/texlive/2010/texmf-dist/tex/latex/oberdiek/xcolor-patch.sty
Package: xcolor-patch 2009/12/12 xcolor patch
))
(/usr/local/texlive/2010/texmf-dist/tex/latex/oberdiek/letltxmacro.sty
Package: letltxmacro 2008/06/24 v1.3 Let assignment for LaTeX macros (HO)
)
(/usr/local/texlive/2010/texmf-dist/tex/latex/oberdiek/kvoptions.sty
Package: kvoptions 2010/02/22 v3.7 Keyval support for LaTeX options (HO)
)
\@linkdim=\dimen115
\Hy@linkcounter=\count104
\Hy@pagecounter=\count105

(/usr/local/texlive/2010/texmf-dist/tex/latex/hyperref/pd1enc.def
File: pd1enc.def 2010/12/16 v6.81z Hyperref: PDFDocEncoding definition (HO)
)
(/usr/local/texlive/2010/texmf-dist/tex/generic/oberdiek/intcalc.sty
Package: intcalc 2007/09/27 v1.1 Expandable integer calculations (HO)
)
\Hy@SavedSpaceFactor=\count106

(/usr/local/texlive/2010/texmf-dist/tex/latex/latexconfig/hyperref.cfg
File: hyperref.cfg 2002/06/06 v1.2 hyperref configuration of TeXLive
)
Package hyperref Info: Option `colorlinks' set `true' on input line 3889.
Package hyperref Info: Hyper figures OFF on input line 3993.
Package hyperref Info: Link nesting OFF on input line 3998.
Package hyperref Info: Hyper index ON on input line 4001.
Package hyperref Info: Plain pages OFF on input line 4008.
Package hyperref Info: Backreferencing OFF on input line 4013.
Package hyperref Info: Implicit mode ON; LaTeX internals redefined.
Package hyperref Info: Bookmarks ON on input line 4231.
\c@Hy@tempcnt=\count107
LaTeX Info: Redefining \url on input line 4584.

(/usr/local/texlive/2010/texmf-dist/tex/generic/oberdiek/bitset.sty
Package: bitset 2007/09/28 v1.0 Data type bit set (HO)

(/usr/local/texlive/2010/texmf-dist/tex/generic/oberdiek/bigintcalc.sty
Package: bigintcalc 2007/11/11 v1.1 Expandable big integer calculations (HO)
))
\Fld@menulength=\count108
\Field@Width=\dimen116
\Fld@charsize=\dimen117
Package hyperref Info: Hyper figures OFF on input line 5668.
Package hyperref Info: Link nesting OFF on input line 5673.
Package hyperref Info: Hyper index ON on input line 5676.
Package hyperref Info: backreferencing OFF on input line 5683.
Package hyperref Info: Link coloring ON on input line 5686.
Package hyperref Info: Link coloring with OCG OFF on input line 5693.
Package hyperref Info: PDF/A mode OFF on input line 5698.
LaTeX Info: Redefining \ref on input line 5738.
LaTeX Info: Redefining \pageref on input line 5742.

(/usr/local/texlive/2010/texmf-dist/tex/generic/oberdiek/atbegshi.sty
Package: atbegshi 2010/03/25 v1.12 At begin shipout hook (HO)
)
\Hy@abspage=\count109
\c@Item=\count110
\c@Hfootnote=\count111
)

Package hyperref Message: Driver (autodetected): hpdftex.

(/usr/local/texlive/2010/texmf-dist/tex/latex/hyperref/hpdftex.def
File: hpdftex.def 2010/12/16 v6.81z Hyperref driver for pdfTeX

(/usr/local/texlive/2010/texmf-dist/tex/latex/oberdiek/atveryend.sty
Package: atveryend 2010/03/24 v1.5 Hooks at very end of document (HO)
Package atveryend Info: \enddocument detected (standard).
)
\Fld@listcount=\count112
\c@bookmark@seq@number=\count113

(/usr/local/texlive/2010/texmf-dist/tex/latex/oberdiek/rerunfilecheck.sty
Package: rerunfilecheck 2010/03/16 v1.6 Rerun checks for auxiliary files (HO)

(/usr/local/texlive/2010/texmf-dist/tex/generic/oberdiek/uniquecounter.sty
Package: uniquecounter 2009/12/18 v1.1 Provides unlimited unique counter (HO)
)
Package uniquecounter Info: New unique counter `rerunfilecheck' on input line 2
71.
)
\Hy@SectionHShift=\skip49
)

./2011PROJECT .tex:95: LaTeX Error: Command \MR already defined.
               Or name \end... illegal, see p.192 of the manual.

See the LaTeX manual or LaTeX Companion for explanation.
Type  H <return>  for immediate help.
 ...                                              
                                                  
l.95 ...rg/mathscinet-getitem?mr=#1}{{\bf MR~#1}}}
                                                  
? 
\c@thm=\count114
(./2011PROJECT .aux

LaTeX Warning: Label `P9' multiply defined.


LaTeX Warning: Label `l_1' multiply defined.


LaTeX Warning: Label `l_2' multiply defined.


LaTeX Warning: Label `1>3mod3' multiply defined.

)
\openout1 = `"2011PROJECT .aux"'.

LaTeX Font Info:    Checking defaults for OML/cmm/m/it on input line 113.
LaTeX Font Info:    ... okay on input line 113.
LaTeX Font Info:    Checking defaults for T1/cmr/m/n on input line 113.
LaTeX Font Info:    ... okay on input line 113.
LaTeX Font Info:    Checking defaults for OT1/cmr/m/n on input line 113.
LaTeX Font Info:    ... okay on input line 113.
LaTeX Font Info:    Checking defaults for OMS/cmsy/m/n on input line 113.
LaTeX Font Info:    ... okay on input line 113.
LaTeX Font Info:    Checking defaults for OMX/cmex/m/n on input line 113.
LaTeX Font Info:    ... okay on input line 113.
LaTeX Font Info:    Checking defaults for U/cmr/m/n on input line 113.
LaTeX Font Info:    ... okay on input line 113.
LaTeX Font Info:    Checking defaults for PD1/pdf/m/n on input line 113.
LaTeX Font Info:    ... okay on input line 113.
 (/usr/local/texlive/2010/texmf-dist/tex/context/base/supp-pdf.mkii
[Loading MPS to PDF converter (version 2006.09.02).]
\scratchcounter=\count115
\scratchdimen=\dimen118
\scratchbox=\box28
\nofMPsegments=\count116
\nofMParguments=\count117
\everyMPshowfont=\toks28
\MPscratchCnt=\count118
\MPscratchDim=\dimen119
\MPnumerator=\count119
\everyMPtoPDFconversion=\toks29
) (/usr/local/texlive/2010/texmf-dist/tex/latex/oberdiek/epstopdf-base.sty
Package: epstopdf-base 2010/02/09 v2.5 Base part for package epstopdf

(/usr/local/texlive/2010/texmf-dist/tex/latex/oberdiek/grfext.sty
Package: grfext 2007/09/30 v1.0 Managing graphics extensions (HO)
)
Package grfext Info: Graphics extension search list:
(grfext)             [.png,.pdf,.jpg,.mps,.jpeg,.jbig2,.jb2,.PNG,.PDF,.JPG,.JPE
G,.JBIG2,.JB2,.eps]
(grfext)             \AppendGraphicsExtensions on input line 436.

(/usr/local/texlive/2010/texmf-dist/tex/latex/latexconfig/epstopdf-sys.cfg
File: epstopdf-sys.cfg 2010/07/13 v1.3 Configuration of (r)epstopdf for TeX Liv
e
))
\AtBeginShipoutBox=\box29

(/usr/local/texlive/2010/texmf-dist/tex/latex/graphics/color.sty
Package: color 2005/11/14 v1.0j Standard LaTeX Color (DPC)

(/usr/local/texlive/2010/texmf-dist/tex/latex/latexconfig/color.cfg
File: color.cfg 2007/01/18 v1.5 color configuration of teTeX/TeXLive
)
Package color Info: Driver file: pdftex.def on input line 130.
)
Package hyperref Info: Link coloring ON on input line 113.

(/usr/local/texlive/2010/texmf-dist/tex/latex/hyperref/nameref.sty
Package: nameref 2010/04/30 v2.40 Cross-referencing by name of section

(/usr/local/texlive/2010/texmf-dist/tex/latex/oberdiek/refcount.sty
Package: refcount 2008/08/11 v3.1 Data extraction from references (HO)
)
(/usr/local/texlive/2010/texmf-dist/tex/generic/oberdiek/gettitlestring.sty
Package: gettitlestring 2009/12/18 v1.3 Cleanup title references (HO)
)
\c@section@level=\count120
)
LaTeX Info: Redefining \ref on input line 113.
LaTeX Info: Redefining \pageref on input line 113.
LaTeX Info: Redefining \nameref on input line 113.

(./2011PROJECT .out) (./2011PROJECT .out)
\@outlinefile=\write3
\openout3 = `"2011PROJECT .out"'.

LaTeX Font Info:    Try loading font information for U+msa on input line 115.

(/usr/local/texlive/2010/texmf-dist/tex/latex/amsfonts/umsa.fd
File: umsa.fd 2009/06/22 v3.00 AMS symbols A
)
LaTeX Font Info:    Try loading font information for U+msb on input line 115.

(/usr/local/texlive/2010/texmf-dist/tex/latex/amsfonts/umsb.fd
File: umsb.fd 2009/06/22 v3.00 AMS symbols B
) [1

{/usr/local/texlive/2010/texmf-var/fonts/map/pdftex/updmap/pdftex.map}] [2] [3]
 [4]
Overfull \hbox (1.61435pt too wide) in paragraph at lines 359--360
[][]\OT1/cmr/bx/n/12 Problem 4.6. []\OT1/cmr/m/it/12 Let $\OML/cmm/m/it/12 W[]\
OT1/cmr/m/n/12 (\OML/cmm/m/it/12 T\OT1/cmr/m/n/12 ; \OML/cmm/m/it/12 l[]; l[]\O
T1/cmr/m/n/12 )$ \OT1/cmr/m/it/12 de-note the num-ber of sign changes of $\OML/
cmm/m/it/12 ^^Y\OT1/cmr/m/n/12 (\OML/cmm/m/it/12 x\OT1/cmr/m/n/12 ; \OML/cmm/m/
it/12 k; l[]\OT1/cmr/m/n/12 ) \OMS/cmsy/m/n/12 ^^@ \OML/cmm/m/it/12 ^^Y\OT1/cmr
/m/n/12 (\OML/cmm/m/it/12 x\OT1/cmr/m/n/12 ; \OML/cmm/m/it/12 k; l[]\OT1/cmr/m/
n/12 )$\OT1/cmr/m/it/12 ,
 []

[5]
Overfull \hbox (12.4366pt too wide) in paragraph at lines 384--385
[][]\OT1/cmr/bx/n/12 Problem 4.9. []\OT1/cmr/m/it/12 Does there ex-ist in-finit
ely many in-te-gers $\OML/cmm/m/it/12 m[]$\OT1/cmr/m/it/12 's such that for $\O
ML/cmm/m/it/12 j \OT1/cmr/m/n/12 = 1\OML/cmm/m/it/12 ; \OT1/cmr/m/n/12 2\OML/cm
m/m/it/12 ; \OT1/cmr/m/n/12 3\OML/cmm/m/it/12 ; [] '\OT1/cmr/m/n/12 (\OML/cmm/m
/it/12 k\OT1/cmr/m/n/12 )$
 []

[6]
Overfull \hbox (19.46785pt too wide) in paragraph at lines 494--495
[][]\OT1/cmr/bx/n/12 Problem 4.19. []\OT1/cmr/m/it/12 Does there ex-ist in-fini
tely many in-te-gers $\OML/cmm/m/it/12 r[]$\OT1/cmr/m/it/12 's such that for $\
OML/cmm/m/it/12 j \OT1/cmr/m/n/12 = 1\OML/cmm/m/it/12 ; \OT1/cmr/m/n/12 2\OML/c
mm/m/it/12 ; \OT1/cmr/m/n/12 3\OML/cmm/m/it/12 ; [] ; '\OT1/cmr/m/n/12 (\OML/cm
m/m/it/12 k\OT1/cmr/m/n/12 )$
 []

[7] [8]
Overfull \hbox (10.3115pt too wide) in paragraph at lines 572--573
[][]\OT1/cmr/bx/n/12 Problem 4.26. []\OT1/cmr/m/it/12 Let $\OML/cmm/m/it/12 W[]
\OT1/cmr/m/n/12 (\OML/cmm/m/it/12 T\OT1/cmr/m/n/12 ; \OML/cmm/m/it/12 l[]; l[]\
OT1/cmr/m/n/12 )$ \OT1/cmr/m/it/12 de-note the num-ber of sign changes of $\OML
/cmm/m/it/12  \OT1/cmr/m/n/12 (\OML/cmm/m/it/12 x\OT1/cmr/m/n/12 ; \OML/cmm/m/i
t/12 k; l[]\OT1/cmr/m/n/12 ) \OMS/cmsy/m/n/12 ^^@ \OML/cmm/m/it/12  \OT1/cmr/m/
n/12 (\OML/cmm/m/it/12 x\OT1/cmr/m/n/12 ; \OML/cmm/m/it/12 k; l[]\OT1/cmr/m/n/1
2 )$\OT1/cmr/m/it/12 ,
 []


Overfull \hbox (19.1866pt too wide) in paragraph at lines 597--598
[][]\OT1/cmr/bx/n/12 Problem 4.29. []\OT1/cmr/m/it/12 Does there ex-ist in-fini
tely many in-te-gers $\OML/cmm/m/it/12 m[]$\OT1/cmr/m/it/12 's such that for $\
OML/cmm/m/it/12 j \OT1/cmr/m/n/12 = 1\OML/cmm/m/it/12 ; \OT1/cmr/m/n/12 2\OML/c
mm/m/it/12 ; \OT1/cmr/m/n/12 3\OML/cmm/m/it/12 ; [] '\OT1/cmr/m/n/12 (\OML/cmm/
m/it/12 k\OT1/cmr/m/n/12 )$
 []

[9] [10]
Overfull \hbox (19.46785pt too wide) in paragraph at lines 707--708
[][]\OT1/cmr/bx/n/12 Problem 4.39. []\OT1/cmr/m/it/12 Does there ex-ist in-fini
tely many in-te-gers $\OML/cmm/m/it/12 r[]$\OT1/cmr/m/it/12 's such that for $\
OML/cmm/m/it/12 j \OT1/cmr/m/n/12 = 1\OML/cmm/m/it/12 ; \OT1/cmr/m/n/12 2\OML/c
mm/m/it/12 ; \OT1/cmr/m/n/12 3\OML/cmm/m/it/12 ; [] ; '\OT1/cmr/m/n/12 (\OML/cm
m/m/it/12 k\OT1/cmr/m/n/12 )$
 []

[11] [12]
Overfull \hbox (30.33124pt too wide) in paragraph at lines 810--811
[][]\OT1/cmr/bx/n/12 Problem 5.10 \OT1/cmr/m/n/12 (RAC-ING Prob-lem)\OT1/cmr/bx
/n/12 . []\OT1/cmr/m/it/12 Again only a sam-ple of these prob-lems: if $\OML/cm
m/m/it/12 l[]; l[]; l[]; [] ; l[]\OT1/cmr/m/n/12 (\OML/cmm/m/it/12 k\OT1/cmr/m/
n/12 )$
 []

[13] [14]
Overfull \hbox (30.33124pt too wide) in paragraph at lines 926--927
[][]\OT1/cmr/bx/n/12 Problem 6.10 \OT1/cmr/m/n/12 (RAC-ING Prob-lem)\OT1/cmr/bx
/n/12 . []\OT1/cmr/m/it/12 Again only a sam-ple of these prob-lems: if $\OML/cm
m/m/it/12 l[]; l[]; l[]; [] ; l[]\OT1/cmr/m/n/12 (\OML/cmm/m/it/12 k\OT1/cmr/m/
n/12 )$
 []

[15] [16]

Package hyperref Warning: Token not allowed in a PDF string (PDFDocEncoding):
(hyperref)                removing `\cite' on input line 957.


Package hyperref Warning: Token not allowed in a PDF string (PDFDocEncoding):
(hyperref)                removing `subscript' on input line 957.

[17] [18]

Package hyperref Warning: Token not allowed in a PDF string (PDFDocEncoding):
(hyperref)                removing `\cite' on input line 1104.


Package hyperref Warning: Token not allowed in a PDF string (PDFDocEncoding):
(hyperref)                removing `subscript' on input line 1104.

[19] [20] [21]

Package hyperref Warning: Token not allowed in a PDF string (PDFDocEncoding):
(hyperref)                removing `\cite' on input line 1253.


Package hyperref Warning: Token not allowed in a PDF string (PDFDocEncoding):
(hyperref)                removing `subscript' on input line 1253.

[22]

Package hyperref Warning: Token not allowed in a PDF string (PDFDocEncoding):
(hyperref)                removing `\cite' on input line 1305.


Package hyperref Warning: Token not allowed in a PDF string (PDFDocEncoding):
(hyperref)                removing `subscript' on input line 1305.

[23]

Package hyperref Warning: Token not allowed in a PDF string (PDFDocEncoding):
(hyperref)                removing `\cite' on input line 1370.


Package hyperref Warning: Token not allowed in a PDF string (PDFDocEncoding):
(hyperref)                removing `subscript' on input line 1370.


Package hyperref Warning: Token not allowed in a PDF string (PDFDocEncoding):
(hyperref)                removing `\cite' on input line 1386.


Package hyperref Warning: Token not allowed in a PDF string (PDFDocEncoding):
(hyperref)                removing `subscript' on input line 1386.

[24]

Package hyperref Warning: Token not allowed in a PDF string (PDFDocEncoding):
(hyperref)                removing `\cite' on input line 1417.


Package hyperref Warning: Token not allowed in a PDF string (PDFDocEncoding):
(hyperref)                removing `subscript' on input line 1417.

[25] [26]

Package hyperref Warning: Token not allowed in a PDF string (PDFDocEncoding):
(hyperref)                removing `\cite' on input line 1466.


Package hyperref Warning: Token not allowed in a PDF string (PDFDocEncoding):
(hyperref)                removing `subscript' on input line 1466.


Package hyperref Warning: Token not allowed in a PDF string (PDFDocEncoding):
(hyperref)                removing `\cite' on input line 1486.


Package hyperref Warning: Token not allowed in a PDF string (PDFDocEncoding):
(hyperref)                removing `subscript' on input line 1486.

[27] [28]

Package hyperref Warning: Token not allowed in a PDF string (PDFDocEncoding):
(hyperref)                removing `\cite' on input line 1585.


Package hyperref Warning: Token not allowed in a PDF string (PDFDocEncoding):
(hyperref)                removing `subscript' on input line 1585.

[29]

Package hyperref Warning: Token not allowed in a PDF string (PDFDocEncoding):
(hyperref)                removing `\cite' on input line 1650.


Package hyperref Warning: Token not allowed in a PDF string (PDFDocEncoding):
(hyperref)                removing `subscript' on input line 1650.

[30] [31]

Package hyperref Warning: Token not allowed in a PDF string (PDFDocEncoding):
(hyperref)                removing `\cite' on input line 1709.


Package hyperref Warning: Token not allowed in a PDF string (PDFDocEncoding):
(hyperref)                removing `subscript' on input line 1709.


Package hyperref Warning: Token not allowed in a PDF string (PDFDocEncoding):
(hyperref)                removing `\cite' on input line 1738.


Package hyperref Warning: Token not allowed in a PDF string (PDFDocEncoding):
(hyperref)                removing `subscript' on input line 1738.

[32]

Package hyperref Warning: Token not allowed in a PDF string (PDFDocEncoding):
(hyperref)                removing `\cite' on input line 1775.


Package hyperref Warning: Token not allowed in a PDF string (PDFDocEncoding):
(hyperref)                removing `subscript' on input line 1775.


Package hyperref Warning: Composite letter `\textasciimacron+a'
(hyperref)                not defined in PD1 encoding,
(hyperref)                removing `\textasciimacron' on input line 1789.

[33]
Overfull \hbox (17.09952pt too wide) in paragraph at lines 1825--1828
\OT1/cmr/m/n/12 whenever the limit ex-ists, we de-fine $\OML/cmm/m/it/12 A[]\OT
1/cmr/m/n/12 (\OML/cmm/m/it/12 u\OT1/cmr/m/n/12 ) = \OML/cmm/m/it/12 A[]\OT1/cm
r/m/n/12 (\OML/cmm/m/it/12 u\OT1/cmr/m/n/12 ; \OML/cmm/m/it/12 k\OT1/cmr/m/n/12
 ; \OML/cmm/m/it/12 a\OT1/cmr/m/n/12 ; \OML/cmm/m/it/12 K; A\OT1/cmr/m/n/12 ) =
 [] []\OML/cmm/m/it/12 A[]\OT1/cmr/m/n/12 (\OML/cmm/m/it/12 u\OT1/cmr/m/n/12 ; 
\OML/cmm/m/it/12 k; a\OT1/cmr/m/n/12 ; \OML/cmm/m/it/12 K; A\OT1/cmr/m/n/12 )$ 

 []

[34] [35] [36] [37]

Package rkeyval Warning: Missing comma on input line 1964.


Package rkeyval Warning: Unknown key: \bib'keyword on input line 1976.


Package rkeyval Warning: Unknown key: \bib'issue on input line 1979.


Package rkeyval Warning: Missing comma on input line 1988.


Package rkeyval Warning: Missing comma on input line 1998.


Package rkeyval Warning: Missing comma on input line 2026.


Package rkeyval Warning: Missing comma on input line 2027.


Package rkeyval Warning: Missing comma on input line 2036.


Package rkeyval Warning: Missing comma on input line 2037.


Package rkeyval Warning: Missing comma on input line 2067.


Package rkeyval Warning: Missing comma on input line 2068.


Package rkeyval Warning: Missing comma on input line 2077.


Package rkeyval Warning: Missing comma on input line 2078.

Missing character: There is no Ð in font cmr10!

Package rkeyval Warning: Missing comma on input line 2087.


Package rkeyval Warning: Missing comma on input line 2088.

Missing character: There is no Ð in font cmr10!

Package rkeyval Warning: Missing comma on input line 2201.


Package rkeyval Warning: Missing comma on input line 2202.


Package rkeyval Warning: Missing comma on input line 2212.


Package rkeyval Warning: Missing comma on input line 2213.


Package rkeyval Warning: Missing comma on input line 2223.


Package rkeyval Warning: Missing comma on input line 2224.

[38]

Package rkeyval Warning: Missing comma on input line 2280.


Package rkeyval Warning: Missing comma on input line 2281.


Package rkeyval Warning: Missing comma on input line 2318.


Package rkeyval Warning: Missing comma on input line 2350.


Package rkeyval Warning: Missing comma on input line 2358.


Package rkeyval Warning: Missing comma on input line 2481.


Package rkeyval Warning: Missing comma on input line 2482.

[39]
Missing character: There is no Ð in font cmti10!
Package atveryend Info: Empty hook `BeforeClearDocument' on input line 2588.
 [40]
Package atveryend Info: Empty hook `AfterLastShipout' on input line 2588.
 (./2011PROJECT .aux)
Package atveryend Info: Executing hook `AtVeryEndDocument' on input line 2588.
Package rerunfilecheck Info: File `"2011PROJECT ".out' has not changed.
(rerunfilecheck)             Checksum: A55B3D8CF087F9D8C7A8FC20BDD5ECA1;3182.


LaTeX Warning: There were multiply-defined labels.

 ) 
Here is how much of TeX's memory you used:
 7479 strings out of 493763
 104437 string characters out of 3144954
 196308 words of memory out of 3000000
 10054 multiletter control sequences out of 15000+200000
 16313 words of font info for 61 fonts, out of 3000000 for 9000
 715 hyphenation exceptions out of 8191
 32i,20n,32p,439b,641s stack positions out of 5000i,500n,10000p,200000b,50000s
</usr/local/texlive/2010/texmf-dist/fonts/type1/public/amsfonts/cm/cmbx10.pfb
></usr/local/texlive/2010/texmf-dist/fonts/type1/public/amsfonts/cm/cmbx12.pfb>
</usr/local/texlive/2010/texmf-dist/fonts/type1/public/amsfonts/cm/cmex10.pfb><
/usr/local/texlive/2010/texmf-dist/fonts/type1/public/amsfonts/cm/cmmi10.pfb></
usr/local/texlive/2010/texmf-dist/fonts/type1/public/amsfonts/cm/cmmi12.pfb></u
sr/local/texlive/2010/texmf-dist/fonts/type1/public/amsfonts/cm/cmmi6.pfb></usr
/local/texlive/2010/texmf-dist/fonts/type1/public/amsfonts/cm/cmmi8.pfb></usr/l
ocal/texlive/2010/texmf-dist/fonts/type1/public/amsfonts/cm/cmr10.pfb></usr/loc
al/texlive/2010/texmf-dist/fonts/type1/public/amsfonts/cm/cmr12.pfb></usr/local
/texlive/2010/texmf-dist/fonts/type1/public/amsfonts/cm/cmr17.pfb></usr/local/t
exlive/2010/texmf-dist/fonts/type1/public/amsfonts/cm/cmr6.pfb></usr/local/texl
ive/2010/texmf-dist/fonts/type1/public/amsfonts/cm/cmr8.pfb></usr/local/texlive
/2010/texmf-dist/fonts/type1/public/amsfonts/cm/cmsy10.pfb></usr/local/texlive/
2010/texmf-dist/fonts/type1/public/amsfonts/cm/cmsy6.pfb></usr/local/texlive/20
10/texmf-dist/fonts/type1/public/amsfonts/cm/cmsy7.pfb></usr/local/texlive/2010
/texmf-dist/fonts/type1/public/amsfonts/cm/cmsy8.pfb></usr/local/texlive/2010/t
exmf-dist/fonts/type1/public/amsfonts/cm/cmti10.pfb></usr/local/texlive/2010/te
xmf-dist/fonts/type1/public/amsfonts/cm/cmti12.pfb></usr/local/texlive/2010/tex
mf-dist/fonts/type1/public/amsfonts/symbols/msbm10.pfb>
Output written on "2011PROJECT .pdf" (40 pages, 380939 bytes).
PDF statistics:
 1312 PDF objects out of 1440 (max. 8388607)
 1238 compressed objects within 13 object streams
 601 named destinations out of 1000 (max. 500000)
 433 words of extra memory for PDF output out of 10000 (max. 10000000)

