\BOOKMARK [1][-]{section.1}{Introduction}{}% 1
\BOOKMARK [1][-]{section.2}{Terminology}{}% 2
\BOOKMARK [2][-]{subsection.2.1}{}{section.2}% 3
\BOOKMARK [1][-]{section.3}{Conditions for Some Theorems to hold}{}% 4
\BOOKMARK [1][-]{section.4}{Problems}{}% 5
\BOOKMARK [1][-]{section.5}{Problems from IIa}{}% 6
\BOOKMARK [1][-]{section.6}{Problems in IIb}{}% 7
\BOOKMARK [1][-]{section.7}{Results}{}% 8
\BOOKMARK [2][-]{subsection.7.1}{Theorems from II \0401962.Knaposwki2}{section.7}% 9
\BOOKMARK [2][-]{subsection.7.2}{Theorems from III \0401962.Knaposwki3}{section.7}% 10
\BOOKMARK [2][-]{subsection.7.3}{Theorems from IV 1963.Knaposwki4}{section.7}% 11
\BOOKMARK [2][-]{subsection.7.4}{Theorems from V 1963.Knaposwki5}{section.7}% 12
\BOOKMARK [2][-]{subsection.7.5}{Theorems from VI 1963.Knaposwki6}{section.7}% 13
\BOOKMARK [2][-]{subsection.7.6}{Theorems from VII 1963.Knaposwki7}{section.7}% 14
\BOOKMARK [2][-]{subsection.7.7}{Theorems from VIII 1963.Knaposwki8}{section.7}% 15
\BOOKMARK [1][-]{section.8}{Results ZWEI}{}% 16
\BOOKMARK [2][-]{subsection.8.1}{Results from 1b 1964.Turan1}{section.8}% 17
\BOOKMARK [2][-]{subsection.8.2}{Results from 2b 1964.Turan2}{section.8}% 18
\BOOKMARK [2][-]{subsection.8.3}{Results from 3b \0401965.Turan3}{section.8}% 19
\BOOKMARK [2][-]{subsection.8.4}{Results from 4b \0401965.Turan4}{section.8}% 20
\BOOKMARK [2][-]{subsection.8.5}{Results from 5b \0401965.Turan5}{section.8}% 21
\BOOKMARK [2][-]{subsection.8.6}{Results from 6b \0401966.Turan6}{section.8}% 22
\BOOKMARK [2][-]{subsection.8.7}{Results from 7b \0401972.Turan7}{section.8}% 23
\BOOKMARK [1][-]{section.9}{Ponstea}{}% 24
\BOOKMARK [2][-]{subsection.9.1}{I}{section.9}% 25
\BOOKMARK [2][-]{subsection.9.2}{ }{section.9}% 26
\BOOKMARK [2][-]{subsection.9.3}{ }{section.9}% 27
\BOOKMARK [2][-]{subsection.9.4}{ }{section.9}% 28
\BOOKMARK [2][-]{subsection.9.5}{ }{section.9}% 29
\BOOKMARK [2][-]{subsection.9.6}{ }{section.9}% 30
\BOOKMARK [2][-]{subsection.9.7}{ }{section.9}% 31
\BOOKMARK [2][-]{subsection.9.8}{ }{section.9}% 32
\BOOKMARK [2][-]{subsection.9.9}{ }{section.9}% 33
\BOOKMARK [2][-]{subsection.9.10}{ }{section.9}% 34
\BOOKMARK [2][-]{subsection.9.11}{ }{section.9}% 35
\BOOKMARK [2][-]{subsection.9.12}{ }{section.9}% 36
\BOOKMARK [2][-]{subsection.9.13}{ }{section.9}% 37
\BOOKMARK [2][-]{subsection.9.14}{ }{section.9}% 38
\BOOKMARK [2][-]{subsection.9.15}{ }{section.9}% 39
\BOOKMARK [2][-]{subsection.9.16}{ }{section.9}% 40
\BOOKMARK [2][-]{subsection.9.17}{ }{section.9}% 41
\BOOKMARK [2][-]{subsection.9.18}{ }{section.9}% 42
\BOOKMARK [2][-]{subsection.9.19}{ }{section.9}% 43
\BOOKMARK [2][-]{subsection.9.20}{ }{section.9}% 44
\BOOKMARK [2][-]{subsection.9.21}{ }{section.9}% 45
\BOOKMARK [2][-]{subsection.9.22}{ }{section.9}% 46
\BOOKMARK [2][-]{subsection.9.23}{ }{section.9}% 47
\BOOKMARK [2][-]{subsection.9.24}{ }{section.9}% 48
\BOOKMARK [2][-]{subsection.9.25}{ }{section.9}% 49
\BOOKMARK [2][-]{subsection.9.26}{ }{section.9}% 50
\BOOKMARK [2][-]{subsection.9.27}{ }{section.9}% 51
\BOOKMARK [2][-]{subsection.9.28}{ }{section.9}% 52
\BOOKMARK [2][-]{subsection.9.29}{ }{section.9}% 53
\BOOKMARK [1][-]{section.10}{Bibliography}{}% 54
