\BOOKMARK [1][-]{section.1}{1. Introduction to prime number theory. \040- and L-functions, the prime number theorem \(1/4\) by Andrew Granville}{}% 1
\BOOKMARK [1][-]{section.2}{2. Introduction to prime number theory. - and L-functions, the prime number theorem \(2/4\) by Andrew Granville}{}% 2
\BOOKMARK [1][-]{section.3}{3. The Bombieri-Vinogradov theorem about distribution of primes in progressions. Introduction to sieve theory \(1/4\)by Kannan Soundararajan}{}% 3
\BOOKMARK [1][-]{section.4}{4. The Bombieri-Vinogradov theorem about distribution of primes in progressions. Introduction to sieve theory \(2/4\)by Kannan Soundararajan}{}% 4
\BOOKMARK [1][-]{section.5}{5. Introduction to prime number theory. - and L-functions, the prime number theorem \(3/4\) by Andrew Granville}{}% 5
\BOOKMARK [1][-]{section.6}{6. Introduction to prime number theory. - and L-functions, the prime number theorem \(4/4\) by Andrew Granville}{}% 6
\BOOKMARK [1][-]{section.7}{7. The Bombieri-Vinogradov theorem about distribution of primes in progressions. \040Introduction to sieve theory \(3/4\)by Kannan Soundararajan}{}% 7
\BOOKMARK [1][-]{section.8}{8. The Bombieri-Vinogradov theorem about distribution of primes in progressions. \040Introduction to sieve theory \(4/4\)by Kannan Soundararajan}{}% 8
\BOOKMARK [1][-]{section.9}{9. Public Lecture by Terry Tao}{}% 9
\BOOKMARK [1][-]{section.10}{10. Inputs from algebraic geometry \(1/4\) by Emmanuel Kowalski}{}% 10
\BOOKMARK [1][-]{section.11}{11. Tutorial for Granville's Lecture Series by Adam Harper}{}% 11
\BOOKMARK [1][-]{section.12}{12. Tutorial for Soundararajan's Lecture Series by James Maynard}{}% 12
\BOOKMARK [1][-]{section.13}{13. Inputs from algebraic geometry \(2/4\) by Emmanuel Kowalski}{}% 13
\BOOKMARK [1][-]{section.14}{14. Inputs from algebraic geometry \(3/4\) by Emmanuel Kowalski}{}% 14
\BOOKMARK [1][-]{section.15}{15. The methods of Goldston, Pintz and Y\232ld\232r\232m and Maynard-Tao \(1/3\)by James Maynard}{}% 15
\BOOKMARK [1][-]{section.16}{16. Polymath discussion led by Ben Green}{}% 16
\BOOKMARK [1][-]{section.17}{17. Public Lecture by Yitang Zhang}{}% 17
\BOOKMARK [1][-]{section.18}{18. Inputs from algebraic geometry \(4/4\) by Emmanuel Kowalski}{}% 18
\BOOKMARK [1][-]{section.19}{19. The methods of Goldston, Pintz and Y\232ld\232r\232m and Maynard-Tao \(2/3\)by James Maynard}{}% 19
\BOOKMARK [1][-]{section.20}{20. Poster by S\341vio Ribas}{}% 20
\BOOKMARK [1][-]{section.21}{21. The methods of Goldston, Pintz and Y\232ld\232r\232m and Maynard-Tao \(3/3\)by James Maynard}{}% 21
\BOOKMARK [1][-]{section.22}{22. Tutorial for Maynard's Lecture Series by James Maynard}{}% 22
