This is pdfTeX, Version 3.1415926-2.5-1.40.14 (TeX Live 2013) (format=pdflatex 2013.5.30)  4 JAN 2016 19:24
entering extended mode
 restricted \write18 enabled.
 file:line:error style messages enabled.
 %&-line parsing enabled.
**"2011-2012_PROJECT .tex"
(./2011-2012_PROJECT .tex
LaTeX2e <2011/06/27>
Babel <3.9f> and hyphenation patterns for 78 languages loaded.
(/usr/local/texlive/2013/texmf-dist/tex/latex/amscls/amsart.cls
Document Class: amsart 2009/07/02 v2.20.1
\linespacing=\dimen102
\normalparindent=\dimen103
\normaltopskip=\skip41
(/usr/local/texlive/2013/texmf-dist/tex/latex/amsmath/amsmath.sty
Package: amsmath 2013/01/14 v2.14 AMS math features
\@mathmargin=\skip42

For additional information on amsmath, use the `?' option.
(/usr/local/texlive/2013/texmf-dist/tex/latex/amsmath/amstext.sty
Package: amstext 2000/06/29 v2.01

(/usr/local/texlive/2013/texmf-dist/tex/latex/amsmath/amsgen.sty
File: amsgen.sty 1999/11/30 v2.0
\@emptytoks=\toks14
\ex@=\dimen104
))
(/usr/local/texlive/2013/texmf-dist/tex/latex/amsmath/amsbsy.sty
Package: amsbsy 1999/11/29 v1.2d
\pmbraise@=\dimen105
)
(/usr/local/texlive/2013/texmf-dist/tex/latex/amsmath/amsopn.sty
Package: amsopn 1999/12/14 v2.01 operator names
)
\inf@bad=\count79
LaTeX Info: Redefining \frac on input line 210.
\uproot@=\count80
\leftroot@=\count81
LaTeX Info: Redefining \overline on input line 306.
\classnum@=\count82
\DOTSCASE@=\count83
LaTeX Info: Redefining \ldots on input line 378.
LaTeX Info: Redefining \dots on input line 381.
LaTeX Info: Redefining \cdots on input line 466.
\Mathstrutbox@=\box26
\strutbox@=\box27
\big@size=\dimen106
LaTeX Font Info:    Redeclaring font encoding OML on input line 566.
LaTeX Font Info:    Redeclaring font encoding OMS on input line 567.
\macc@depth=\count84
\c@MaxMatrixCols=\count85
\dotsspace@=\muskip10
\c@parentequation=\count86
\dspbrk@lvl=\count87
\tag@help=\toks15
\row@=\count88
\column@=\count89
\maxfields@=\count90
\andhelp@=\toks16
\eqnshift@=\dimen107
\alignsep@=\dimen108
\tagshift@=\dimen109
\tagwidth@=\dimen110
\totwidth@=\dimen111
\lineht@=\dimen112
\@envbody=\toks17
\multlinegap=\skip43
\multlinetaggap=\skip44
\mathdisplay@stack=\toks18
LaTeX Info: Redefining \[ on input line 2665.
LaTeX Info: Redefining \] on input line 2666.
)
LaTeX Font Info:    Try loading font information for U+msa on input line 388.

(/usr/local/texlive/2013/texmf-dist/tex/latex/amsfonts/umsa.fd
File: umsa.fd 2013/01/14 v3.01 AMS symbols A
)
(/usr/local/texlive/2013/texmf-dist/tex/latex/amsfonts/amsfonts.sty
Package: amsfonts 2013/01/14 v3.01 Basic AMSFonts support
\symAMSa=\mathgroup4
\symAMSb=\mathgroup5
LaTeX Font Info:    Overwriting math alphabet `\mathfrak' in version `bold'
(Font)                  U/euf/m/n --> U/euf/b/n on input line 106.
)
\copyins=\insert233
\abstractbox=\box28
\listisep=\skip45
\c@part=\count91
\c@section=\count92
\c@subsection=\count93
\c@subsubsection=\count94
\c@paragraph=\count95
\c@subparagraph=\count96
\c@figure=\count97
\c@table=\count98
\abovecaptionskip=\skip46
\belowcaptionskip=\skip47
\captionindent=\dimen113
\thm@style=\toks19
\thm@bodyfont=\toks20
\thm@headfont=\toks21
\thm@notefont=\toks22
\thm@headpunct=\toks23
\thm@preskip=\skip48
\thm@postskip=\skip49
\thm@headsep=\skip50
\dth@everypar=\toks24
)
(/usr/local/texlive/2013/texmf-dist/tex/latex/amsfonts/amssymb.sty
Package: amssymb 2013/01/14 v3.01 AMS font symbols
)
(/usr/local/texlive/2013/texmf-dist/tex/latex/geometry/geometry.sty
Package: geometry 2010/09/12 v5.6 Page Geometry

(/usr/local/texlive/2013/texmf-dist/tex/latex/graphics/keyval.sty
Package: keyval 1999/03/16 v1.13 key=value parser (DPC)
\KV@toks@=\toks25
)
(/usr/local/texlive/2013/texmf-dist/tex/generic/oberdiek/ifpdf.sty
Package: ifpdf 2011/01/30 v2.3 Provides the ifpdf switch (HO)
Package ifpdf Info: pdfTeX in PDF mode is detected.
)
(/usr/local/texlive/2013/texmf-dist/tex/generic/oberdiek/ifvtex.sty
Package: ifvtex 2010/03/01 v1.5 Detect VTeX and its facilities (HO)
Package ifvtex Info: VTeX not detected.
)
(/usr/local/texlive/2013/texmf-dist/tex/generic/ifxetex/ifxetex.sty
Package: ifxetex 2010/09/12 v0.6 Provides ifxetex conditional
)
\Gm@cnth=\count99
\Gm@cntv=\count100
\c@Gm@tempcnt=\count101
\Gm@bindingoffset=\dimen114
\Gm@wd@mp=\dimen115
\Gm@odd@mp=\dimen116
\Gm@even@mp=\dimen117
\Gm@layoutwidth=\dimen118
\Gm@layoutheight=\dimen119
\Gm@layouthoffset=\dimen120
\Gm@layoutvoffset=\dimen121
\Gm@dimlist=\toks26
)
(/usr/local/texlive/2013/texmf-dist/tex/latex/amsrefs/amsrefs.sty
Package: amsrefs 2013/03/07 v2.14

(/usr/local/texlive/2013/texmf-dist/tex/latex/url/url.sty
\Urlmuskip=\muskip11
Package: url 2006/04/12  ver 3.3  Verb mode for urls, etc.
)
(/usr/local/texlive/2013/texmf-dist/tex/latex/amsrefs/pcatcode.sty
Package: pcatcode 2002/04/16 v1.04
)
(/usr/local/texlive/2013/texmf-dist/tex/latex/amsrefs/ifoption.sty
Package: ifoption 2002/03/04 v1.02
)
(/usr/local/texlive/2013/texmf-dist/tex/latex/amsrefs/rkeyval.sty
Package: rkeyval 2004/05/05 v1.08
\@temptokenb=\toks27
\rsk@toks=\toks28
)
(/usr/local/texlive/2013/texmf-dist/tex/latex/amsrefs/textcmds.sty
Package: textcmds 2012/08/02 v2.00
)
(/usr/local/texlive/2013/texmf-dist/tex/latex/amsrefs/mathscinet.sty
Package: mathscinet 2002/04/17 v1.05
)
\c@bib=\count102
\@maxlabelwidth=\dimen122
\c@bib@env=\count103
\bib@dbfile=\read1
\alpha@suffix=\count104
\series@index=\count105
)
(/usr/local/texlive/2013/texmf-dist/tex/latex/graphics/graphicx.sty
Package: graphicx 1999/02/16 v1.0f Enhanced LaTeX Graphics (DPC,SPQR)

(/usr/local/texlive/2013/texmf-dist/tex/latex/graphics/graphics.sty
Package: graphics 2009/02/05 v1.0o Standard LaTeX Graphics (DPC,SPQR)

(/usr/local/texlive/2013/texmf-dist/tex/latex/graphics/trig.sty
Package: trig 1999/03/16 v1.09 sin cos tan (DPC)
)
(/usr/local/texlive/2013/texmf-dist/tex/latex/latexconfig/graphics.cfg
File: graphics.cfg 2010/04/23 v1.9 graphics configuration of TeX Live
)
Package graphics Info: Driver file: pdftex.def on input line 91.

(/usr/local/texlive/2013/texmf-dist/tex/latex/pdftex-def/pdftex.def
File: pdftex.def 2011/05/27 v0.06d Graphics/color for pdfTeX

(/usr/local/texlive/2013/texmf-dist/tex/generic/oberdiek/infwarerr.sty
Package: infwarerr 2010/04/08 v1.3 Providing info/warning/error messages (HO)
)
(/usr/local/texlive/2013/texmf-dist/tex/generic/oberdiek/ltxcmds.sty
Package: ltxcmds 2011/11/09 v1.22 LaTeX kernel commands for general use (HO)
)
\Gread@gobject=\count106
))
\Gin@req@height=\dimen123
\Gin@req@width=\dimen124
)
(/usr/local/texlive/2013/texmf-dist/tex/latex/hyperref/hyperref.sty
Package: hyperref 2012/11/06 v6.83m Hypertext links for LaTeX

(/usr/local/texlive/2013/texmf-dist/tex/generic/oberdiek/hobsub-hyperref.sty
Package: hobsub-hyperref 2012/05/28 v1.13 Bundle oberdiek, subset hyperref (HO)


(/usr/local/texlive/2013/texmf-dist/tex/generic/oberdiek/hobsub-generic.sty
Package: hobsub-generic 2012/05/28 v1.13 Bundle oberdiek, subset generic (HO)
Package: hobsub 2012/05/28 v1.13 Construct package bundles (HO)
Package hobsub Info: Skipping package `infwarerr' (already loaded).
Package hobsub Info: Skipping package `ltxcmds' (already loaded).
Package: ifluatex 2010/03/01 v1.3 Provides the ifluatex switch (HO)
Package ifluatex Info: LuaTeX not detected.
Package hobsub Info: Skipping package `ifvtex' (already loaded).
Package: intcalc 2007/09/27 v1.1 Expandable calculations with integers (HO)
Package hobsub Info: Skipping package `ifpdf' (already loaded).
Package: etexcmds 2011/02/16 v1.5 Avoid name clashes with e-TeX commands (HO)
Package etexcmds Info: Could not find \expanded.
(etexcmds)             That can mean that you are not using pdfTeX 1.50 or
(etexcmds)             that some package has redefined \expanded.
(etexcmds)             In the latter case, load this package earlier.
Package: kvsetkeys 2012/04/25 v1.16 Key value parser (HO)
Package: kvdefinekeys 2011/04/07 v1.3 Define keys (HO)
Package: pdftexcmds 2011/11/29 v0.20 Utility functions of pdfTeX for LuaTeX (HO
)
Package pdftexcmds Info: LuaTeX not detected.
Package pdftexcmds Info: \pdf@primitive is available.
Package pdftexcmds Info: \pdf@ifprimitive is available.
Package pdftexcmds Info: \pdfdraftmode found.
Package: pdfescape 2011/11/25 v1.13 Implements pdfTeX's escape features (HO)
Package: bigintcalc 2012/04/08 v1.3 Expandable calculations on big integers (HO
)
Package: bitset 2011/01/30 v1.1 Handle bit-vector datatype (HO)
Package: uniquecounter 2011/01/30 v1.2 Provide unlimited unique counter (HO)
)
Package hobsub Info: Skipping package `hobsub' (already loaded).
Package: letltxmacro 2010/09/02 v1.4 Let assignment for LaTeX macros (HO)
Package: hopatch 2012/05/28 v1.2 Wrapper for package hooks (HO)
Package: xcolor-patch 2011/01/30 xcolor patch
Package: atveryend 2011/06/30 v1.8 Hooks at the very end of document (HO)
Package atveryend Info: \enddocument detected (standard20110627).
Package: atbegshi 2011/10/05 v1.16 At begin shipout hook (HO)
Package: refcount 2011/10/16 v3.4 Data extraction from label references (HO)
Package: hycolor 2011/01/30 v1.7 Color options for hyperref/bookmark (HO)
)
(/usr/local/texlive/2013/texmf-dist/tex/latex/oberdiek/auxhook.sty
Package: auxhook 2011/03/04 v1.3 Hooks for auxiliary files (HO)
)
(/usr/local/texlive/2013/texmf-dist/tex/latex/oberdiek/kvoptions.sty
Package: kvoptions 2011/06/30 v3.11 Key value format for package options (HO)
)
\@linkdim=\dimen125
\Hy@linkcounter=\count107
\Hy@pagecounter=\count108

(/usr/local/texlive/2013/texmf-dist/tex/latex/hyperref/pd1enc.def
File: pd1enc.def 2012/11/06 v6.83m Hyperref: PDFDocEncoding definition (HO)
)
\Hy@SavedSpaceFactor=\count109

(/usr/local/texlive/2013/texmf-dist/tex/latex/latexconfig/hyperref.cfg
File: hyperref.cfg 2002/06/06 v1.2 hyperref configuration of TeXLive
)
Package hyperref Info: Option `colorlinks' set `true' on input line 4319.
Package hyperref Info: Hyper figures OFF on input line 4443.
Package hyperref Info: Link nesting OFF on input line 4448.
Package hyperref Info: Hyper index ON on input line 4451.
Package hyperref Info: Plain pages OFF on input line 4458.
Package hyperref Info: Backreferencing OFF on input line 4463.
Package hyperref Info: Implicit mode ON; LaTeX internals redefined.
Package hyperref Info: Bookmarks ON on input line 4688.
\c@Hy@tempcnt=\count110
LaTeX Info: Redefining \url on input line 5041.
\XeTeXLinkMargin=\dimen126
\Fld@menulength=\count111
\Field@Width=\dimen127
\Fld@charsize=\dimen128
Package hyperref Info: Hyper figures OFF on input line 6295.
Package hyperref Info: Link nesting OFF on input line 6300.
Package hyperref Info: Hyper index ON on input line 6303.
Package hyperref Info: backreferencing OFF on input line 6310.
Package hyperref Info: Link coloring ON on input line 6313.
Package hyperref Info: Link coloring with OCG OFF on input line 6320.
Package hyperref Info: PDF/A mode OFF on input line 6325.
LaTeX Info: Redefining \ref on input line 6365.
LaTeX Info: Redefining \pageref on input line 6369.
\Hy@abspage=\count112
\c@Item=\count113
\c@Hfootnote=\count114
)

Package hyperref Message: Driver (autodetected): hpdftex.

(/usr/local/texlive/2013/texmf-dist/tex/latex/hyperref/hpdftex.def
File: hpdftex.def 2012/11/06 v6.83m Hyperref driver for pdfTeX
\Fld@listcount=\count115
\c@bookmark@seq@number=\count116

(/usr/local/texlive/2013/texmf-dist/tex/latex/oberdiek/rerunfilecheck.sty
Package: rerunfilecheck 2011/04/15 v1.7 Rerun checks for auxiliary files (HO)
Package uniquecounter Info: New unique counter `rerunfilecheck' on input line 2
82.
)
\Hy@SectionHShift=\skip51
)
\c@thm=\count117


LaTeX Warning: Unused global option(s):
    [amsfont].

(./2011-2012_PROJECT .aux)
\openout1 = `"2011-2012_PROJECT .aux"'.

LaTeX Font Info:    Checking defaults for OML/cmm/m/it on input line 57.
LaTeX Font Info:    ... okay on input line 57.
LaTeX Font Info:    Checking defaults for T1/cmr/m/n on input line 57.
LaTeX Font Info:    ... okay on input line 57.
LaTeX Font Info:    Checking defaults for OT1/cmr/m/n on input line 57.
LaTeX Font Info:    ... okay on input line 57.
LaTeX Font Info:    Checking defaults for OMS/cmsy/m/n on input line 57.
LaTeX Font Info:    ... okay on input line 57.
LaTeX Font Info:    Checking defaults for OMX/cmex/m/n on input line 57.
LaTeX Font Info:    ... okay on input line 57.
LaTeX Font Info:    Checking defaults for U/cmr/m/n on input line 57.
LaTeX Font Info:    ... okay on input line 57.
LaTeX Font Info:    Checking defaults for PD1/pdf/m/n on input line 57.
LaTeX Font Info:    ... okay on input line 57.
LaTeX Font Info:    Try loading font information for U+msa on input line 57.

(/usr/local/texlive/2013/texmf-dist/tex/latex/amsfonts/umsa.fd
File: umsa.fd 2013/01/14 v3.01 AMS symbols A
)
LaTeX Font Info:    Try loading font information for U+msb on input line 57.

(/usr/local/texlive/2013/texmf-dist/tex/latex/amsfonts/umsb.fd
File: umsb.fd 2013/01/14 v3.01 AMS symbols B
)
*geometry* driver: auto-detecting
*geometry* detected driver: pdftex
*geometry* verbose mode - [ preamble ] result:
* driver: pdftex
* paper: <default>
* layout: <same size as paper>
* layoutoffset:(h,v)=(0.0pt,0.0pt)
* modes: twoside 
* h-part:(L,W,R)=(72.26999pt, 469.75502pt, 72.26999pt)
* v-part:(T,H,B)=(54.2025pt, 686.56499pt, 54.2025pt)
* \paperwidth=614.295pt
* \paperheight=794.96999pt
* \textwidth=469.75502pt
* \textheight=686.56499pt
* \oddsidemargin=0.0pt
* \evensidemargin=0.0pt
* \topmargin=-40.06749pt
* \headheight=8.0pt
* \headsep=14.0pt
* \topskip=10.0pt
* \footskip=12.0pt
* \marginparwidth=90.0pt
* \marginparsep=11.0pt
* \columnsep=10.0pt
* \skip\footins=7.0pt plus 11.0pt
* \hoffset=0.0pt
* \voffset=0.0pt
* \mag=1000
* \@twocolumnfalse
* \@twosidetrue
* \@mparswitchtrue
* \@reversemarginfalse
* (1in=72.27pt=25.4mm, 1cm=28.453pt)

(/usr/local/texlive/2013/texmf-dist/tex/context/base/supp-pdf.mkii
[Loading MPS to PDF converter (version 2006.09.02).]
\scratchcounter=\count118
\scratchdimen=\dimen129
\scratchbox=\box29
\nofMPsegments=\count119
\nofMParguments=\count120
\everyMPshowfont=\toks29
\MPscratchCnt=\count121
\MPscratchDim=\dimen130
\MPnumerator=\count122
\makeMPintoPDFobject=\count123
\everyMPtoPDFconversion=\toks30
) (/usr/local/texlive/2013/texmf-dist/tex/latex/oberdiek/epstopdf-base.sty
Package: epstopdf-base 2010/02/09 v2.5 Base part for package epstopdf

(/usr/local/texlive/2013/texmf-dist/tex/latex/oberdiek/grfext.sty
Package: grfext 2010/08/19 v1.1 Manage graphics extensions (HO)
)
Package grfext Info: Graphics extension search list:
(grfext)             [.png,.pdf,.jpg,.mps,.jpeg,.jbig2,.jb2,.PNG,.PDF,.JPG,.JPE
G,.JBIG2,.JB2,.eps]
(grfext)             \AppendGraphicsExtensions on input line 452.

(/usr/local/texlive/2013/texmf-dist/tex/latex/latexconfig/epstopdf-sys.cfg
File: epstopdf-sys.cfg 2010/07/13 v1.3 Configuration of (r)epstopdf for TeX Liv
e
))
\AtBeginShipoutBox=\box30

(/usr/local/texlive/2013/texmf-dist/tex/latex/graphics/color.sty
Package: color 2005/11/14 v1.0j Standard LaTeX Color (DPC)

(/usr/local/texlive/2013/texmf-dist/tex/latex/latexconfig/color.cfg
File: color.cfg 2007/01/18 v1.5 color configuration of teTeX/TeXLive
)
Package color Info: Driver file: pdftex.def on input line 130.
)
Package hyperref Info: Link coloring ON on input line 57.

(/usr/local/texlive/2013/texmf-dist/tex/latex/hyperref/nameref.sty
Package: nameref 2012/10/27 v2.43 Cross-referencing by name of section

(/usr/local/texlive/2013/texmf-dist/tex/generic/oberdiek/gettitlestring.sty
Package: gettitlestring 2010/12/03 v1.4 Cleanup title references (HO)
)
\c@section@level=\count124
)
LaTeX Info: Redefining \ref on input line 57.
LaTeX Info: Redefining \pageref on input line 57.
LaTeX Info: Redefining \nameref on input line 57.

(./2011-2012_PROJECT .out) (./2011-2012_PROJECT .out)
\@outlinefile=\write3
\openout3 = `"2011-2012_PROJECT .out"'.

 [1{/usr/local/texlive/2013/texmf-var/fonts/map/pdftex/updmap/pdftex.map}]

Package amsrefs Warning: Use of \cites is recommended instead of \cite 
(amsrefs)                for multiple cites '1962.Knaposwki_1,1964.Turan_1' on 
input line 110.


Overfull \hbox (3.97604pt too wide) in paragraph at lines 114--115
[][]\OT1/cmr/bx/n/12 Problem 1.6 \OT1/cmr/m/n/12 (In-fin-ity of sign changes)\O
T1/cmr/bx/n/12 . []\OT1/cmr/m/it/12 For which $\OT1/cmr/m/n/12 (\OML/cmm/m/it/1
2 l[]; l[]\OT1/cmr/m/n/12 )$\OT1/cmr/m/it/12 -pairs does the func-tion $\OML/cm
m/m/it/12 ^^N[]\OT1/cmr/m/n/12 (\OML/cmm/m/it/12 x\OT1/cmr/m/n/12 ; \OML/cmm/m/
it/12 k; l[]; l[]\OT1/cmr/m/n/12 )$
 []

[2] [3] [4]
Overfull \hbox (24.5257pt too wide) in paragraph at lines 319--330
[]\OT1/cmr/m/n/12 The clas-si-cal meth-ods used to in-ves-ti-gate the os-cil-la
-tory prop-er-ties of the func-tions $\OML/cmm/m/it/12 ^^N[]\OT1/cmr/m/n/12 (\O
ML/cmm/m/it/12 x\OT1/cmr/m/n/12 ; \OML/cmm/m/it/12 k; l[]; l[]\OT1/cmr/m/n/12 )
$
 []

[5] [6] [7]
Overfull \hbox (24.73265pt too wide) in paragraph at lines 434--436
\OT1/cmr/m/it/12 where $\OML/cmm/m/it/12 %[]$ \OT1/cmr/m/it/12 is a zero of an 
$\OML/cmm/m/it/12 L\OT1/cmr/m/n/12 (\OML/cmm/m/it/12 s; ^^_[]\OT1/cmr/m/n/12 )$
 \OT1/cmr/m/it/12 be-long-ing to mod-ulo $\OML/cmm/m/it/12 k$ \OT1/cmr/m/it/12 
with $\OML/cmm/m/it/12 ^^_[]\OT1/cmr/m/n/12 (\OML/cmm/m/it/12 l\OT1/cmr/m/n/12 
) \OMS/cmsy/m/n/12 6\OT1/cmr/m/n/12 = 1$ \OT1/cmr/m/it/12 and $\OML/cmm/m/it/12
 T > [] []c[]; e[]\OT1/cmr/m/n/12 (10\OMS/cmsy/m/n/12 j\OML/cmm/m/it/12 %[]\OMS
/cmsy/m/n/12 j\OT1/cmr/m/n/12 )[]$\OT1/cmr/m/it/12 ,
 []

[8] [9] [10] [11] [12]
Overfull \hbox (20.57603pt too wide) in paragraph at lines 779--781
[][]\OT1/cmr/bx/n/12 Theorem 3.32 \OT1/cmr/m/n/12 ([[][]21[][]] The-o-rem 1.2)\
OT1/cmr/bx/n/12 . []\OT1/cmr/m/it/12 By the above the-o-rem, both of $\OML/cmm/
m/it/12 ^^N[]\OT1/cmr/m/n/12 (\OML/cmm/m/it/12 x\OT1/cmr/m/n/12 ; \OML/cmm/m/it
/12 k; l[]; l[]\OT1/cmr/m/n/12 )$ \OT1/cmr/m/it/12 and $\OML/cmm/m/it/12 ^^N[]\
OT1/cmr/m/n/12 (\OML/cmm/m/it/12 x\OT1/cmr/m/n/12 ; \OML/cmm/m/it/12 k; l[]; l[
]\OT1/cmr/m/n/12 )$
 []

[13] [14] [15] [16] [17]
Overfull \hbox (2.81389pt too wide) in paragraph at lines 1035--1037
\OT1/cmr/m/it/12 Again with the con-tri-bu-tion of primes $\OML/cmm/m/it/12 p$ 
\OT1/cmr/m/it/12 with $\OML/cmm/m/it/12 p > T []\OT1/cmr/m/n/12 ([][] \OML/cmm/
m/it/12 T\OT1/cmr/m/n/12 )$ \OT1/cmr/m/it/12 and $\OML/cmm/m/it/12 p < T []\OT1
/cmr/m/n/12 (\OMS/cmsy/m/n/12 ^^@ [][] \OML/cmm/m/it/12 T\OT1/cmr/m/n/12 )$
 []

[18] [19] [20] [21] [22] [23]
Overfull \hbox (26.5943pt too wide) in paragraph at lines 2115--2116
[]\OT1/cmr/m/n/12 In his pa-per [[][]33[][]], H. Starks stud-ies the as-ymp-tot
ic be-haviours of $\OML/cmm/m/it/12 '\OT1/cmr/m/n/12 (\OML/cmm/m/it/12 k\OT1/cm
r/m/n/12 )\OML/cmm/m/it/12 ^^Y\OT1/cmr/m/n/12 (\OML/cmm/m/it/12 x; k; a\OT1/cmr
/m/n/12 ) \OMS/cmsy/m/n/12 ^^@ \OML/cmm/m/it/12 '\OT1/cmr/m/n/12 (\OML/cmm/m/it
/12 K\OT1/cmr/m/n/12 )\OML/cmm/m/it/12 ^^Y\OT1/cmr/m/n/12 (\OML/cmm/m/it/12 x; 
K; A\OT1/cmr/m/n/12 )$:
 []

[24]
Overfull \hbox (15.73483pt too wide) in paragraph at lines 2131--2134
\OT1/cmr/m/it/12 further, when-ever the limit ex-ists, de-fine $\OML/cmm/m/it/1
2 A[]\OT1/cmr/m/n/12 (\OML/cmm/m/it/12 u\OT1/cmr/m/n/12 ) := \OML/cmm/m/it/12 A
[]\OT1/cmr/m/n/12 (\OML/cmm/m/it/12 u\OT1/cmr/m/n/12 ; \OML/cmm/m/it/12 k\OT1/c
mr/m/n/12 ; \OML/cmm/m/it/12 a\OT1/cmr/m/n/12 ; \OML/cmm/m/it/12 K; A\OT1/cmr/m
/n/12 ) = [][] \OML/cmm/m/it/12 A[]\OT1/cmr/m/n/12 (\OML/cmm/m/it/12 u\OT1/cmr/
m/n/12 ; \OML/cmm/m/it/12 k; a\OT1/cmr/m/n/12 ; \OML/cmm/m/it/12 K; A\OT1/cmr/m
/n/12 )$ 
 []


Overfull \hbox (20.96115pt too wide) in paragraph at lines 2155--2156
[][]\OT1/cmr/bx/n/12 Theorem 6.6 \OT1/cmr/m/n/12 ([[][]73[][]] The-o-rem 1)\OT1
/cmr/bx/n/12 . []\OT1/cmr/m/it/12 When $\OML/cmm/m/it/12 q$ \OT1/cmr/m/it/12 s 
a nat-u-ral num-ber, we de-fine $\OML/cmm/m/it/12 q[] \OT1/cmr/m/n/12 := [] []\
OML/cmm/m/it/12 q; []\OT1/cmr/m/n/12 (1260)[]$\OT1/cmr/m/it/12 ,
 []

[25] [26] [27] [28] [29] [30] [31] [32] [33] [34]
Missing character: There is no Õ in font cmti12!


Package rkeyval Warning: Missing comma on input line 2712.


Package rkeyval Warning: Unknown key: \bib'keyword on input line 2724.


Package rkeyval Warning: Unknown key: \bib'issue on input line 2727.


Package rkeyval Warning: Missing comma on input line 2736.


Package rkeyval Warning: Missing comma on input line 2746.


Package rkeyval Warning: Missing comma on input line 2774.


Package rkeyval Warning: Missing comma on input line 2775.


Package rkeyval Warning: Missing comma on input line 2784.


Package rkeyval Warning: Missing comma on input line 2785.


Package rkeyval Warning: Missing comma on input line 2794.


Package rkeyval Warning: Missing comma on input line 2795.


Package rkeyval Warning: Missing comma on input line 2804.


Package rkeyval Warning: Missing comma on input line 2805.


Package rkeyval Warning: Unknown key: \bib'issue on input line 2805.


Package rkeyval Warning: Missing comma on input line 2806.


Package rkeyval Warning: Missing comma on input line 2822.


Package rkeyval Warning: Missing comma on input line 2823.


Package rkeyval Warning: Missing comma on input line 2832.


Package rkeyval Warning: Missing comma on input line 2833.

Missing character: There is no Ð in font cmr10!

Package rkeyval Warning: Missing comma on input line 2842.


Package rkeyval Warning: Missing comma on input line 2843.

Missing character: There is no Ð in font cmr10!

Package rkeyval Warning: Missing comma on input line 2956.


Package rkeyval Warning: Missing comma on input line 2957.


Package rkeyval Warning: Missing comma on input line 2967.


Package rkeyval Warning: Missing comma on input line 2968.


Package rkeyval Warning: Missing comma on input line 2978.


Package rkeyval Warning: Missing comma on input line 2979.


Package rkeyval Warning: Missing comma on input line 2989.


Package rkeyval Warning: Missing comma on input line 2990.


Package rkeyval Warning: Missing comma on input line 3000.


Package rkeyval Warning: Missing comma on input line 3001.

[35]

Package rkeyval Warning: Missing comma on input line 3011.


Package rkeyval Warning: Missing comma on input line 3012.


Package rkeyval Warning: Missing comma on input line 3023.


Package rkeyval Warning: Missing comma on input line 3024.


Package rkeyval Warning: Missing comma on input line 3034.


Package rkeyval Warning: Missing comma on input line 3035.


Package rkeyval Warning: Missing comma on input line 3045.


Package rkeyval Warning: Missing comma on input line 3046.


Package rkeyval Warning: Missing comma on input line 3056.


Package rkeyval Warning: Missing comma on input line 3057.


Package rkeyval Warning: Missing comma on input line 3074.


Package rkeyval Warning: Missing comma on input line 3075.


Package rkeyval Warning: Missing comma on input line 3095.


Package rkeyval Warning: Missing comma on input line 3096.


Package rkeyval Warning: Missing comma on input line 3105.


Package rkeyval Warning: Missing comma on input line 3106.


Package rkeyval Warning: Missing comma on input line 3115.


Package rkeyval Warning: Missing comma on input line 3116.


Package rkeyval Warning: Missing comma on input line 3125.


Package rkeyval Warning: Missing comma on input line 3136.


Package rkeyval Warning: Missing comma on input line 3137.


Package rkeyval Warning: Missing comma on input line 3147.


Package rkeyval Warning: Missing comma on input line 3148.


Package rkeyval Warning: Missing comma on input line 3169.


Package rkeyval Warning: Missing comma on input line 3179.


Package rkeyval Warning: Missing comma on input line 3187.


Package rkeyval Warning: Missing comma on input line 3189.


Package rkeyval Warning: Missing comma on input line 3199.


Package rkeyval Warning: Missing comma on input line 3209.


Package rkeyval Warning: Missing comma on input line 3219.


Package rkeyval Warning: Missing comma on input line 3230.


Package rkeyval Warning: Missing comma on input line 3241.


Package rkeyval Warning: Missing comma on input line 3252.


Package rkeyval Warning: Unknown key: \bib'fjournal on input line 3263.


Package rkeyval Warning: Unknown key: \bib'mrclass on input line 3269.


Package rkeyval Warning: Unknown key: \bib'mrnumber on input line 3270.


Package rkeyval Warning: Unknown key: \bib'mrreviewer on input line 3271.


Package rkeyval Warning: Missing comma on input line 3281.


Package rkeyval Warning: Missing comma on input line 3292.


Package rkeyval Warning: Missing comma on input line 3303.


Package rkeyval Warning: Missing comma on input line 3313.


Package rkeyval Warning: Missing comma on input line 3323.


Package rkeyval Warning: Missing comma on input line 3334.


Underfull \vbox (badness 10000) has occurred while \output is active []

 [36]

Package rkeyval Warning: Missing comma on input line 3344.


Package rkeyval Warning: Missing comma on input line 3355.


Package rkeyval Warning: Missing comma on input line 3365.


Package rkeyval Warning: Missing comma on input line 3375.


Package rkeyval Warning: Missing comma on input line 3381.


Package rkeyval Warning: Missing comma on input line 3382.


Package rkeyval Warning: Missing comma on input line 3386.


Package rkeyval Warning: Missing comma on input line 3397.

Missing character: There is no Ð in font cmti10!

Package rkeyval Warning: Missing comma on input line 3415.


Package rkeyval Warning: Missing comma on input line 3428.


Package rkeyval Warning: Missing comma on input line 3439.


Package rkeyval Warning: Unknown key: \bib'fjournal on input line 3506.


Package rkeyval Warning: Missing comma on input line 3524.


Package rkeyval Warning: Missing comma on input line 3532.


Package rkeyval Warning: Missing comma on input line 3541.

Package atveryend Info: Empty hook `BeforeClearDocument' on input line 3543.
[37]
Package atveryend Info: Empty hook `AfterLastShipout' on input line 3543.
 (./2011-2012_PROJECT .aux)
Package atveryend Info: Executing hook `AtVeryEndDocument' on input line 3543.
Package atveryend Info: Executing hook `AtEndAfterFileList' on input line 3543.

Package rerunfilecheck Info: File `"2011-2012_PROJECT ".out' has not changed.
(rerunfilecheck)             Checksum: BF66D3C0D220BE9493EC42929FC6ABE5;610.
Package atveryend Info: Empty hook `AtVeryVeryEnd' on input line 3543.
 ) 
Here is how much of TeX's memory you used:
 8377 strings out of 493315
 115012 string characters out of 6137904
 219723 words of memory out of 5000000
 11175 multiletter control sequences out of 15000+600000
 14302 words of font info for 54 fonts, out of 8000000 for 9000
 1118 hyphenation exceptions out of 8191
 34i,20n,33p,697b,667s stack positions out of 5000i,500n,10000p,200000b,80000s
</usr/local/texlive/2013/texmf-dist/fonts/type1/public/amsfonts/cm/cmbx10.pfb
></usr/local/texlive/2013/texmf-dist/fonts/type1/public/amsfonts/cm/cmbx12.pfb>
</usr/local/texlive/2013/texmf-dist/fonts/type1/public/amsfonts/cm/cmbx8.pfb></
usr/local/texlive/2013/texmf-dist/fonts/type1/public/amsfonts/cm/cmcsc10.pfb></
usr/local/texlive/2013/texmf-dist/fonts/type1/public/amsfonts/cm/cmex10.pfb></u
sr/local/texlive/2013/texmf-dist/fonts/type1/public/amsfonts/cm/cmmi10.pfb></us
r/local/texlive/2013/texmf-dist/fonts/type1/public/amsfonts/cm/cmmi12.pfb></usr
/local/texlive/2013/texmf-dist/fonts/type1/public/amsfonts/cm/cmmi6.pfb></usr/l
ocal/texlive/2013/texmf-dist/fonts/type1/public/amsfonts/cm/cmmi7.pfb></usr/loc
al/texlive/2013/texmf-dist/fonts/type1/public/amsfonts/cm/cmmi8.pfb></usr/local
/texlive/2013/texmf-dist/fonts/type1/public/amsfonts/cm/cmr10.pfb></usr/local/t
exlive/2013/texmf-dist/fonts/type1/public/amsfonts/cm/cmr12.pfb></usr/local/tex
live/2013/texmf-dist/fonts/type1/public/amsfonts/cm/cmr6.pfb></usr/local/texliv
e/2013/texmf-dist/fonts/type1/public/amsfonts/cm/cmr7.pfb></usr/local/texlive/2
013/texmf-dist/fonts/type1/public/amsfonts/cm/cmr8.pfb></usr/local/texlive/2013
/texmf-dist/fonts/type1/public/amsfonts/cm/cmr9.pfb></usr/local/texlive/2013/te
xmf-dist/fonts/type1/public/amsfonts/cm/cmsy10.pfb></usr/local/texlive/2013/tex
mf-dist/fonts/type1/public/amsfonts/cm/cmsy6.pfb></usr/local/texlive/2013/texmf
-dist/fonts/type1/public/amsfonts/cm/cmsy8.pfb></usr/local/texlive/2013/texmf-d
ist/fonts/type1/public/amsfonts/cm/cmti10.pfb></usr/local/texlive/2013/texmf-di
st/fonts/type1/public/amsfonts/cm/cmti12.pfb></usr/local/texlive/2013/texmf-dis
t/fonts/type1/public/amsfonts/cm/cmtt10.pfb></usr/local/texlive/2013/texmf-dist
/fonts/type1/public/amsfonts/symbols/msbm10.pfb>
Output written on "2011-2012_PROJECT .pdf" (37 pages, 475300 bytes).
PDF statistics:
 1160 PDF objects out of 1200 (max. 8388607)
 1087 compressed objects within 11 object streams
 401 named destinations out of 1000 (max. 500000)
 73 words of extra memory for PDF output out of 10000 (max. 10000000)

