\BOOKMARK [0][-]{part.1}{Part I. Background}{}% 1
}% 1
\BOOKMARK [0][-]{chapter.1}{Chapter I. Introduction and perspective: Counting Arithmetic Objects \040Manjul Bhargava}{part.1}% 2
\BOOKMARK [0][-]{chapter.2}{Chapter II. Algebraic groups, representation theory, and invariant theory \040Eyal Goren}{part.1}% 3
\BOOKMARK [0][-]{chapter.3}{Chapter III. Basic algebraic number theory \040\(number fields, class groups, why they are useful and interesting\) \040Eknath Ghate}{part.1}% 4
\BOOKMARK [1][-]{section.3.1}{1. Algebraic number theory and Class groups via CM \(Complex Multiplication\)}{chapter.3}% 5
\BOOKMARK [0][-]{chapter.4}{Chapter IV. Basics of binary quadratic forms and Gauss composition \040Andrew Granville}{part.1}% 6
\BOOKMARK [0][-]{chapter.5}{Chapter V. Curves: Geometric properties \040Henri Darmon}{part.1}% 7
\BOOKMARK [0][-]{chapter.6}{Chapter VI. Basic analytic number theory \040Andrew Granville}{part.1}% 8
\BOOKMARK [1][-]{section.6.1}{1. n x an for various natural arithmetic an}{chapter.6}% 9
\BOOKMARK [1][-]{section.6.2}{2. Complex Analysis and Number Theory}{chapter.6}% 10
\BOOKMARK [1][-]{section.6.3}{3. abc-conjecture}{chapter.6}% 11
\BOOKMARK [0][-]{chapter.7}{Chapter VII. Curves: Diophantine properties \040Henri Darmon}{part.1}% 12
\BOOKMARK [1][-]{section.7.1}{1. Proof of the weak Mordell-Weil Theorem}{chapter.7}% 13
\BOOKMARK [1][-]{section.7.2}{2. Geometric interpretation of Seln\(E/Q\)}{chapter.7}% 14
\BOOKMARK [-1][-]{part.2}{Part II. \040Rings and representations with one invariant}{}% 15
\BOOKMARK [0][-]{chapter.8}{Chapter VIII. More algebraic groups, representation theory, and invariant theory \040Eyal Goren}{part.2}% 16
\BOOKMARK [0][-]{chapter.9}{Chapter IX. Cubic rings \040Melanie Wood}{part.2}% 17
\BOOKMARK [0][-]{chapter.10}{Chapter X. Quartic and quintic rings \040Melanie Wood}{part.2}% 18
\BOOKMARK [0][-]{chapter.11}{Chapter XI. Problem session I \040Jennifer Park, Arul Shankar and Frank Thorne}{part.2}% 19
\BOOKMARK [0][-]{chapter.12}{Chapter XII. How to count rings and fields I \040Manjul Bhargava}{part.2}% 20
\BOOKMARK [0][-]{chapter.13}{Chapter XIII. Rings associated to binary n-ic forms, composition of 2 n n boxes and class groups \040Melanie Wood}{part.2}% 21
\BOOKMARK [0][-]{chapter.14}{Chapter XIV. The zeta functions attached to prehomogeneous vector spaces \040Takashi Taniguchi}{part.2}% 22
\BOOKMARK [0][-]{chapter.15}{Chapter XV. Problem session II \040Arul Shankar and Frank Thorne}{part.2}% 23
\BOOKMARK [0][-]{chapter.16}{Chapter XVI. How to count rings and fields II \040Manjul Bhargava}{part.2}% 24
\BOOKMARK [0][-]{chapter.17}{Chapter XVII. Heuristics for number field counts and applications to curves over finite fields \040Melanie Wood}{part.2}% 25
\BOOKMARK [0][-]{chapter.18}{Chapter XVIII. Moduli space of rings \040Bjorn Poonen}{part.2}% 26
\BOOKMARK [0][-]{chapter.19}{Chapter XIX. Problem session III \040Arul Shankar and Frank Thorne}{part.2}% 27
\BOOKMARK [0][-]{chapter.20}{Chapter XX. Zeta function methods \040Frank Thorne}{part.2}% 28
\BOOKMARK [0][-]{chapter.21}{Chapter XXI. Counting Artin representations and modular forms of weight one \040Eknath Ghate}{part.2}% 29
\BOOKMARK [-1][-]{part.3}{Part III. \040Curves and Representations with a free ring of invariants}{}% 30
\BOOKMARK [0][-]{chapter.22}{Chapter XXII. Binary quartic forms: bounded average rank of elliptic curves \040Arul Shankar}{part.3}% 31
\BOOKMARK [0][-]{chapter.23}{Chapter XXIII. Selmer groups and heuristics I \040Bjorn Poonen}{part.3}% 32
\BOOKMARK [0][-]{chapter.24}{Chapter XXIV. Rational points on curves \040Michael Stoll}{part.3}% 33
\BOOKMARK [0][-]{chapter.25}{Chapter XXV. Problem session IV \040Jennifer Park and Arul Shankar}{part.3}% 34
\BOOKMARK [0][-]{chapter.26}{Chapter XXVI. Coregular spaces and genus one curves \040Wei Ho}{part.3}% 35
\BOOKMARK [0][-]{chapter.27}{Chapter XXVII. Arithmetic invariant theory and hyperelliptic curves I \040Benedict Gross}{part.3}% 36
\BOOKMARK [0][-]{chapter.28}{Chapter XXVIII. TBA}{part.3}% 37
\BOOKMARK [0][-]{chapter.29}{Chapter XXIX. Problem session V \040Wei Ho and Jerry Wang}{part.3}% 38
\BOOKMARK [0][-]{chapter.30}{Chapter XXX. Applications to the Birch and Swinnerton-Dyer conjecture \040Manjul Bhargava}{part.3}% 39
\BOOKMARK [0][-]{chapter.31}{Chapter XXXI. Selmer groups and heuristics II \040Bjorn Poonen}{part.3}% 40
\BOOKMARK [0][-]{chapter.32}{Chapter XXXII. Arithmetic invariant theory and hyperelliptic curves II \040Benedict Gross}{part.3}% 41
\BOOKMARK [0][-]{chapter.33}{Chapter XXXIII. Problem session VI \040Jennifer Park and Jerry Wang}{part.3}% 42
\BOOKMARK [0][-]{chapter.34}{Chapter XXXIV. Chabauty methods and hyperelliptic curves \040Bjorn Poonen}{part.3}% 43
\BOOKMARK [0][-]{chapter.35}{Chapter XXXV. Topological and algebraic geometry methods over function fields I \040Jordan Ellenberg}{part.3}% 44
\BOOKMARK [0][-]{chapter.36}{Chapter XXXVI. Counting methods over global fields \040Jerry Wang}{part.3}% 45
\BOOKMARK [0][-]{chapter.37}{Chapter XXXVII. Problem session VII \040Jordan Ellenberg, Jennifer Park and Jerry Wang}{part.3}% 46
\BOOKMARK [0][-]{chapter.38}{Chapter XXXVIII. The Chabauty method and symmetric powers of curves \040Jennifer Park}{part.3}% 47
\BOOKMARK [0][-]{chapter.39}{Chapter XXXIX. Topological and algebraic geometry methods over function fields II \040Jordan Ellenberg}{part.3}% 48
\BOOKMARK [0][-]{chapter.40}{Chapter XL. Future perspectives \040Manjul Bhargava}{part.3}% 49
