\BOOKMARK [1][-]{section.0}{0. Introduction and Overview by Sujatha}{}% 1
\BOOKMARK [1][-]{section.1}{1. \040by Sujatha}{}% 2
\BOOKMARK [1][-]{section.2}{2. \040by Sujatha}{}% 3
\BOOKMARK [1][-]{section.3}{3. \040by Sujatha}{}% 4
\BOOKMARK [1][-]{section.4}{4. \040by Sujatha}{}% 5
\BOOKMARK [1][-]{section.5}{5. Iwasawa algebra and p-adic measures \(1/2\) by Zheng Li}{}% 6
\BOOKMARK [1][-]{section.6}{6. Iwasawa algebra and p-adic measures \(2/2\) by Zheng Li}{}% 7
\BOOKMARK [1][-]{section.7}{7. \040by Sujatha}{}% 8
\BOOKMARK [1][-]{section.8}{8. \040 by Sujatha}{}% 9
\BOOKMARK [1][-]{section.9}{9. \040 by Sujatha}{}% 10
\BOOKMARK [1][-]{section.10}{10. Basic theory of \(, \)-modules \(1/2\) by Shen-Ning Tung}{}% 11
\BOOKMARK [1][-]{section.11}{11. Basic theory of \(, \)-modules \(2/2\) by Shen-Ning Tung}{}% 12
\BOOKMARK [1][-]{section.12}{12. BdR and de Rham Galois representations \(1/2\) by Miljan}{}% 13
\BOOKMARK [1][-]{section.13}{13. BdR and de Rham Galois representations \(2/2\) by Miljan}{}% 14
\BOOKMARK [1][-]{section.14}{14. Formalisms of p-adic Hodge Theory \(1/4\) by Zheng Li}{}% 15
\BOOKMARK [1][-]{section.15}{15. Formalisms of p-adic Hodge Theory \(2/4\) by Zheng Li}{}% 16
\BOOKMARK [1][-]{section.16}{16. Formalisms of p-adic Hodge Theory \(3/4\) by Zheng Li}{}% 17
\BOOKMARK [1][-]{section.17}{17. Introduction to Euler systems \(1/5\) \040by Miljan}{}% 18
\BOOKMARK [1][-]{section.18}{18. Formalisms of p-adic Hodge Theory \(4/4\) by Zheng Li}{}% 19
\BOOKMARK [1][-]{section.19}{19. Introduction to Euler systems \(2/5\) \040by Miljan}{}% 20
\BOOKMARK [1][-]{section.20}{20. Further Developments in p-adic Hodge Theory \(1/3\) by Shen-Ning Tung}{}% 21
\BOOKMARK [1][-]{section.21}{21. Introduction to Euler systems \(3/5\) \040by Miljan}{}% 22
\BOOKMARK [1][-]{section.22}{22. Further Developments in p-adic Hodge Theory \(2/3\) by Shen-Ning Tung}{}% 23
\BOOKMARK [1][-]{section.23}{23. Introduction to Euler systems \(4/5\) \040by Miljan}{}% 24
\BOOKMARK [1][-]{section.24}{24. Further Developments in p-adic Hodge Theory \(3/3\) by Shen-Ning Tung\)}{}% 25
\BOOKMARK [1][-]{section.25}{25. Introduction to Euler systems \(5/5\) \040by Miljan}{}% 26
