\BOOKMARK [1][-]{section.1}{1. The orbital circle method and applications \(1/2\)by Jean Bourgain}{}% 1
\BOOKMARK [1][-]{section.2}{2. Bounded gaps between primes \(1/3\) by Terrence Tao}{}% 2
\BOOKMARK [1][-]{section.3}{3. L-functions \(1/4\) by Kennen Soundararajan}{}% 3
\BOOKMARK [1][-]{section.4}{4. The pretentious approach to analytic number theory \(1/3\) by Andrew Granville}{}% 4
\BOOKMARK [1][-]{section.5}{5. The orbital circle method and applications \(2/2\) by Jean Bourgain }{}% 5
\BOOKMARK [1][-]{section.6}{6. L-functions \(2/4\)by Kennen Soundararajan}{}% 6
\BOOKMARK [1][-]{section.7}{7. L-functions \(3/4\)by Kennen Soundararajan}{}% 7
\BOOKMARK [1][-]{section.8}{8. The pretentious approach to analytic number theory \(2/3\) by Andrew Granville}{}% 8
\BOOKMARK [1][-]{section.9}{9. Bounded gaps between primes \(2/3\) by Terrence Tao}{}% 9
\BOOKMARK [1][-]{section.10}{10. Sifting for primes \(1/3\) by Henryk Iwaniec}{}% 10
\BOOKMARK [1][-]{section.11}{11. L-functions \(4/4\)by Kennen Soundararajan}{}% 11
\BOOKMARK [1][-]{section.12}{12. The pretentious approach to analytic number theory \(3/3\) by Andrew Granville}{}% 12
\BOOKMARK [1][-]{section.13}{13. Bounded gaps between primes \(3/3\) by Terrence Tao}{}% 13
\BOOKMARK [1][-]{section.14}{14. Sifting for primes \(2/3\) by Henryk Iwaniec}{}% 14
\BOOKMARK [1][-]{section.15}{15. Automorphic forms for GL\(2\) \(1/4\) by Philippe Michel}{}% 15
\BOOKMARK [1][-]{section.16}{16. Sifting for primes \(3/3\) by Henryk Iwaniec}{}% 16
\BOOKMARK [1][-]{section.17}{17. Analytic number theory around torsion homology \(1/4\) \040by Akshay Venkatesh}{}% 17
\BOOKMARK [1][-]{section.18}{18. Analytic aspects of Cohen-Lenstra heuristics \(1/4\) \040by \311tienne Fouvry}{}% 18
\BOOKMARK [1][-]{section.19}{19. Automorphic forms for GL\(2\) \(2/4\) by Philippe Michel}{}% 19
\BOOKMARK [1][-]{section.20}{20. Growth in groups and applications \(1/4\) \040by Harald Helfgott}{}% 20
\BOOKMARK [1][-]{section.21}{21. Analytic number theory around torsion homology \(2/4\) by Akshay Venkatesh}{}% 21
\BOOKMARK [1][-]{section.22}{22. Analytic aspects of Cohen-Lenstra heuristics \(1/4\) \040by \311tienne Fouvry}{}% 22
\BOOKMARK [1][-]{section.23}{23. Automorphic forms in higher rank \(1/4\) \040by Valentin Blomer}{}% 23
\BOOKMARK [1][-]{section.24}{24. Growth in groups and applications \(1/4\) \040by Harald Helfgott}{}% 24
\BOOKMARK [1][-]{section.25}{25. Trace functions over finite fields \(1/4\) by Emmanuel Kowalski}{}% 25
\BOOKMARK [1][-]{section.26}{26. Automorphic forms for GL\(2\) \(3/4\) by Philippe Michel}{}% 26
\BOOKMARK [1][-]{section.27}{27. Automorphic forms in higher rank \(2/4\) \040by Valentin Blomer}{}% 27
\BOOKMARK [1][-]{section.28}{28. Analytic number theory around torsion homology \(3/4\) by Akshay Venkatesh}{}% 28
\BOOKMARK [1][-]{section.29}{29. Trace functions over finite fields \(2/4\) by Emmanuel Kowalski}{}% 29
\BOOKMARK [1][-]{section.30}{30. Analytic aspects of Cohen-Lenstra heuristics \(2/4\) \040by \311tienne Fouvry}{}% 30
\BOOKMARK [1][-]{section.31}{31. Automorphic forms for GL\(2\) \(4/4\) by Philippe Michel}{}% 31
\BOOKMARK [1][-]{section.32}{32. Growth in groups and applications \(3/4\) \040by Harald Helfgott}{}% 32
\BOOKMARK [1][-]{section.33}{33. Analytic number theory around torsion homology \(3/4\) by Akshay Venkatesh}{}% 33
\BOOKMARK [1][-]{section.34}{34. Automorphic forms in higher rank \(3/4\) \040by Valentin Blomer}{}% 34
\BOOKMARK [1][-]{section.35}{35. Analytic aspects of Cohen-Lenstra heuristics \(4/4\) \040by \311tienne Fouvry}{}% 35
\BOOKMARK [1][-]{section.36}{36. Trace functions over finite fields \(3/4\) by Emmanuel Kowalski}{}% 36
\BOOKMARK [1][-]{section.37}{37. Automorphic forms in higher rank \(4/4\) \040by Valentin Blomer}{}% 37
\BOOKMARK [1][-]{section.38}{38. Growth in groups and applications \(4/4\) \040by Harald Helfgott}{}% 38
\BOOKMARK [1][-]{section.39}{39. Trace functions over finite fields \(4/4\) by Emmanuel Kowalski}{}% 39
