\BOOKMARK [1][-]{section.1}{1. Introduction and Perspectivesby Manjul Bhargava}{}% 1
\BOOKMARK [1][-]{section.2}{2. Algebraic groups, representation theory, and invariant theory \040by Eyal Goren}{}% 2
\BOOKMARK [1][-]{section.3}{3. Basic algebraic number theory \(number fields, class groups\) by Eknath Ghate}{}% 3
\BOOKMARK [1][-]{section.4}{4. Basics of binary quadratic forms and Gauss composition \040by Andrew Granville}{}% 4
\BOOKMARK [1][-]{section.5}{5. Curves, geometric aspects \040by Henri Darmon}{}% 5
\BOOKMARK [1][-]{section.6}{6. Basic analytic number theory by Andrew Granville}{}% 6
\BOOKMARK [1][-]{section.7}{7. Curves, diophantines aspects by Henri Darmon }{}% 7
\BOOKMARK [1][-]{section.8}{8. More algebraic groups, representation theory and invariant theory by Eyal Goren}{}% 8
\BOOKMARK [1][-]{section.9}{9. Cubic rings by Melanie Matchett-Wood}{}% 9
\BOOKMARK [1][-]{section.10}{10. Quartic and quintic rings by Melanie Matchett-Wood}{}% 10
\BOOKMARK [1][-]{section.11}{11. Problem Set \(1/7\)}{}% 11
\BOOKMARK [1][-]{section.12}{12. How to count rings and fields \(1/2\) by Manjul Bhargava}{}% 12
\BOOKMARK [1][-]{section.13}{13. Rings associated to binary n-ic forms, composition of 2 n n boxes and class groups by Melanie Matchett-Wood}{}% 13
\BOOKMARK [1][-]{section.14}{14. The zeta functions attached to prehomogeneous vector spaces \040by Takashi Taniguchi}{}% 14
\BOOKMARK [1][-]{section.15}{15. Problem Set \(2/7\)}{}% 15
\BOOKMARK [1][-]{section.16}{16. How to count rings and fields \(2/2\) by Manjul Bhargava}{}% 16
\BOOKMARK [1][-]{section.17}{17. Heuristics for number field counts and applications to curves over finite fields by Melanie Matchett-Wood}{}% 17
\BOOKMARK [1][-]{section.18}{18. Moduli space of rings by Bjorn Poonen}{}% 18
\BOOKMARK [1][-]{section.19}{19. Problem Set \(3/7\)}{}% 19
\BOOKMARK [1][-]{section.20}{20. Zeta Function methodsby Frank Throne }{}% 20
\BOOKMARK [1][-]{section.21}{21. Counting Artin representations and modular forms of eight one by Eknath Ghate}{}% 21
\BOOKMARK [1][-]{section.22}{22. Binary quartic forms; bounded average rank of elliptic curves \040by Arul Shankar \(1/2\)}{}% 22
\BOOKMARK [1][-]{section.23}{23. Selmer groups and heuristics \(1/2\) by Bjorn Poonen}{}% 23
\BOOKMARK [1][-]{section.24}{24. Rational points on curvesby Michael Stoll}{}% 24
\BOOKMARK [1][-]{section.25}{25. Problem Set \(4/7\)}{}% 25
\BOOKMARK [1][-]{section.26}{26. Binary quartic forms; bounded average rank of elliptic curves \040by Arul Shankar \(2/2\)}{}% 26
\BOOKMARK [1][-]{section.27}{27. Coregular spaces and genus one curves by Wei Ho}{}% 27
\BOOKMARK [1][-]{section.28}{28. Arithmetic invariant theory and hyperelliptic curves \(1/2\) by Benedict Gross}{}% 28
\BOOKMARK [1][-]{section.29}{29. Problem Set \(5/7\)}{}% 29
\BOOKMARK [1][-]{section.30}{30. Applications to the Birch and Swinnerton-Dyer conjecture by Manjul Bhargava}{}% 30
\BOOKMARK [1][-]{section.31}{31. Selmer groups and heuristics \(2/2\) by Bjorn Poonen}{}% 31
\BOOKMARK [1][-]{section.32}{32. Arithmetic invariant theory and hyperelliptic curves \(2/2\) by Benedict Gross}{}% 32
\BOOKMARK [1][-]{section.33}{33. Problem Set \(6/7\)}{}% 33
\BOOKMARK [1][-]{section.34}{34. Chabauty methods and hyperelliptic curves by Bjorn Poonen}{}% 34
\BOOKMARK [1][-]{section.35}{35. Topological and algebraic geometry method over function fields \(1/2\) \040by Jordan Ellenberg}{}% 35
\BOOKMARK [1][-]{section.36}{36. Counting methods over global fields by Jerry Wang}{}% 36
\BOOKMARK [1][-]{section.37}{37. Problem Set \(7/7\) }{}% 37
\BOOKMARK [1][-]{section.38}{38. The Chabauty method and symmetric powers of curves \040by Jennifer Park}{}% 38
\BOOKMARK [1][-]{section.39}{39. Topological and algebraic geometry methods over function fields \(2/2\) by Jordan Ellenberg}{}% 39
\BOOKMARK [1][-]{section.40}{40. Future perspectives by Manjul Bhargava}{}% 40
